[2025-10-13 07:03:43] ✅ init_db() проверила/создала таблицу entities
[2025-10-13 07:04:07] ➡️ create_list user=367677121 list='Покупки'
[2025-10-13 07:04:07] ➡️ _get_or_create_list user=367677121 list='Покупки'
[2025-10-13 07:04:07] 🆕 создан новый список 'Покупки' для user=367677121
[2025-10-13 07:04:08] ➡️ add_task user=367677121 list='Покупки' task='Хлеб'
[2025-10-13 07:04:08] ➡️ _get_or_create_list user=367677121 list='Покупки'
[2025-10-13 07:04:08] ℹ️  список 'Покупки' уже существует (id=1)
[2025-10-13 07:04:08] ✅ добавлена задача 'Хлеб' → список 'Покупки' (list_id=1)
[2025-10-13 07:04:08] ➡️ add_task user=367677121 list='Покупки' task='Молоко'
[2025-10-13 07:04:08] ➡️ _get_or_create_list user=367677121 list='Покупки'
[2025-10-13 07:04:08] ℹ️  список 'Покупки' уже существует (id=1)
[2025-10-13 07:04:08] ✅ добавлена задача 'Молоко' → список 'Покупки' (list_id=1)
[2025-10-13 10:11:20] ✅ init_db() проверила/создала таблицу entities
[2025-10-13 10:12:10] ➡️ _get_or_create_list user=367677121 list='Дела для дома'
[2025-10-13 10:12:10] 🆕 создан новый список 'Дела для дома' для user=367677121
[2025-10-13 10:12:10] ✅ create_list завершён user=367677121 list='Дела для дома'
[2025-10-13 10:12:10] ➡️ add_task user=367677121 list='Дела для дома' task='Поменять кран в смесителе в ванной'
[2025-10-13 10:12:10] ➡️ _get_or_create_list user=367677121 list='Дела для дома'
[2025-10-13 10:12:10] ℹ️ список 'Дела для дома' уже существует (id=4)
[2025-10-13 10:12:10] ✅ добавлена задача 'Поменять кран в смесителе в ванной' → список 'Дела для дома' (list_id=4)
[2025-10-13 10:12:11] ➡️ add_task user=367677121 list='Дела для дома' task='Разобраться с розетками в спальне'
[2025-10-13 10:12:11] ➡️ _get_or_create_list user=367677121 list='Дела для дома'
[2025-10-13 10:12:11] ℹ️ список 'Дела для дома' уже существует (id=4)
[2025-10-13 10:12:11] ✅ добавлена задача 'Разобраться с розетками в спальне' → список 'Дела для дома' (list_id=4)
[2025-10-13 10:12:11] ➡️ add_task user=367677121 list='Дела для дома' task='Разобраться с дверным замком входящей двери'
[2025-10-13 10:12:11] ➡️ _get_or_create_list user=367677121 list='Дела для дома'
[2025-10-13 10:12:11] ℹ️ список 'Дела для дома' уже существует (id=4)
[2025-10-13 10:12:11] ✅ добавлена задача 'Разобраться с дверным замком входящей двери' → список 'Дела для дома' (list_id=4)
[2025-10-13 10:12:11] ➡️ add_task user=367677121 list='Дела для дома' task='Собрать'
[2025-10-13 10:12:11] ➡️ _get_or_create_list user=367677121 list='Дела для дома'
[2025-10-13 10:12:11] ℹ️ список 'Дела для дома' уже существует (id=4)
[2025-10-13 10:12:11] ✅ добавлена задача 'Собрать' → список 'Дела для дома' (list_id=4)
[2025-10-13 10:13:00] 📋 найдено 2 задач в списке 'Покупки'
[2025-10-13 10:57:08] ✅ init_db() проверила/создала таблицу entities
[2025-10-13 11:09:50] ⚠️ список 'Дом' не найден
[2025-10-13 11:13:41] ➡️ add_task user=367677121 list='Покупки' task='картошку'
[2025-10-13 11:13:41] ➡️ _get_or_create_list user=367677121 list='Покупки'
[2025-10-13 11:13:41] ℹ️ список 'Покупки' уже существует (id=1)
[2025-10-13 11:13:41] ✅ добавлена задача 'картошку' → список 'Покупки' (list_id=1)
[2025-10-13 11:13:42] ➡️ add_task user=367677121 list='Покупки' task='молоко'
[2025-10-13 11:13:42] ➡️ _get_or_create_list user=367677121 list='Покупки'
[2025-10-13 11:13:42] ℹ️ список 'Покупки' уже существует (id=1)
[2025-10-13 11:13:42] ✅ добавлена задача 'молоко' → список 'Покупки' (list_id=1)
[2025-10-13 11:13:42] ➡️ add_task user=367677121 list='Покупки' task='сыр'
[2025-10-13 11:13:42] ➡️ _get_or_create_list user=367677121 list='Покупки'
[2025-10-13 11:13:42] ℹ️ список 'Покупки' уже существует (id=1)
[2025-10-13 11:13:42] ✅ добавлена задача 'сыр' → список 'Покупки' (list_id=1)
[2025-10-13 12:09:52] ✅ init_db() проверила/создала таблицу entities
[2025-10-13 12:10:19] 📋 найдено 5 задач в списке 'Покупки'
[2025-10-13 12:10:30] 📋 найдено 5 задач в списке 'Покупки'
[2025-10-13 12:33:14] ✅ init_db() проверила/создала таблицу entities
[2025-10-13 12:41:51] ✅ init_db() проверила/создала таблицу entities
[2025-10-13 12:43:51] ➡️ _get_or_create_list user=367677121 list='Жена'
[2025-10-13 12:43:51] 🆕 создан новый список 'Жена' для user=367677121
[2025-10-13 12:43:51] ✅ create_list завершён user=367677121 list='Жена'
[2025-10-13 12:43:51] ➡️ add_task user=367677121 list='Жена' task='Прокладки'
[2025-10-13 12:43:51] ➡️ _get_or_create_list user=367677121 list='Жена'
[2025-10-13 12:43:51] ℹ️ список 'Жена' уже существует (id=12)
[2025-10-13 12:43:51] ✅ добавлена задача 'Прокладки' → список 'Жена' (list_id=12)
[2025-10-13 12:43:51] ➡️ add_task user=367677121 list='Жена' task='Крем для лица'
[2025-10-13 12:43:51] ➡️ _get_or_create_list user=367677121 list='Жена'
[2025-10-13 12:43:51] ℹ️ список 'Жена' уже существует (id=12)
[2025-10-13 12:43:51] ✅ добавлена задача 'Крем для лица' → список 'Жена' (list_id=12)
[2025-10-13 12:43:51] ➡️ add_task user=367677121 list='Жена' task='Яблоковый вишню'
[2025-10-13 12:43:51] ➡️ _get_or_create_list user=367677121 list='Жена'
[2025-10-13 12:43:51] ℹ️ список 'Жена' уже существует (id=12)
[2025-10-13 12:43:51] ✅ добавлена задача 'Яблоковый вишню' → список 'Жена' (list_id=12)
[2025-10-13 12:43:51] ➡️ add_task user=367677121 list='Жена' task='Зралую'
[2025-10-13 12:43:51] ➡️ _get_or_create_list user=367677121 list='Жена'
[2025-10-13 12:43:51] ℹ️ список 'Жена' уже существует (id=12)
[2025-10-13 12:43:51] ✅ добавлена задача 'Зралую' → список 'Жена' (list_id=12)
[2025-10-13 12:43:51] ➡️ add_task user=367677121 list='Жена' task='Сок персиковый'
[2025-10-13 12:43:51] ➡️ _get_or_create_list user=367677121 list='Жена'
[2025-10-13 12:43:51] ℹ️ список 'Жена' уже существует (id=12)
[2025-10-13 12:43:51] ✅ добавлена задача 'Сок персиковый' → список 'Жена' (list_id=12)
[2025-10-13 12:44:58] 📋 найдено 5 задач в списке 'Жена'
[2025-10-13 12:45:15] 🗑 delete_task(user=367677121, list='Покупки', task='Сок') вызвана (заглушка)
