
=== RAW REPLY (367677121) ===
{
  "action": "create_list",
  "list": "Список покупок"
}

=== RAW REPLY (367677121) ===
{
  "action": "add_task",
  "list": "Список покупок",
  "task": "Хлеб"
}

{
  "action": "add_task",
  "list": "Список покупок",
  "task": "Молоко"
}

=== RAW REPLY (367677121) ===
{
  "action": "add_task",
  "list": "Покупки",
  "task": "Хлеб"
}

{
  "action": "add_task",
  "list": "Покупки",
  "task": "Молоко"
}

{
  "action": "add_task",
  "list": "Покупки",
  "task": "Тростниковый"
}

=== RAW REPLY (367677121) ===
{
  "action": "show_list"
}

=== RAW REPLY (367677121) ===
{
  "action": "show_lists"
}

=== RAW REPLY (367677121) ===
{
  "action": "show_lists"
}

=== RAW REPLY (367677121) ===
{
  "action": "unknown"
}

=== RAW (367677121) ===
{ "action": "create", "entity_type": "list", "list": "Паку" }

=== RAW (367677121) ===
{
  "action": "create",
  "entity_type": "list",
  "list": "Паку"
}

=== RAW (367677121) ===
{"action": "create", "entity_type": "list", "list": "Покупки"}
{"action": "add_task", "entity_type": "task", "list": "Покупки", "task": "хлеб"}
{"action": "add_task", "entity_type": "task", "list": "Покупки", "task": "молоко"}
{"action": "add_task", "entity_type": "task", "list": "Покупки", "task": "кефир"}
{"action": "add_task", "entity_type": "task", "list": "Покупки", "task": "африканские апельсины"}
{"action": "add_task", "entity_type": "task", "list": "Покупки", "task": "турецкие мандарины"}
{"action": "add_task", "entity_type": "task", "list": "Покупки", "task": "желуди"}
{"action": "add_task", "entity_type": "task", "list": "Покупки", "task": "кефир сладенький"}

=== RAW (367677121) ===
{"action": "create", "entity_type": "list", "list": "Покупки"}
{"action": "add_task", "entity_type": "task", "list": "Покупки", "task": "молоко"}
{"action": "add_task", "entity_type": "task", "list": "Покупки", "task": "хлеб"}
{"action": "add_task", "entity_type": "task", "list": "Покупки", "task": "африканские помидоры"}
{"action": "add_task", "entity_type": "task", "list": "Покупки", "task": "бегемота из Америки"}

=== RAW (367677121) ===
{ "action": "create", "entity_type": "list", "list": "Покупки2" }

=== RAW (367677121) ===
{"action": "create", "entity_type": "list", "list": "Покупки"}
{"action": "add_task", "entity_type": "task", "list": "Покупки", "task": "Хлеб"}
{"action": "add_task", "entity_type": "task", "list": "Покупки", "task": "Молоко"}
{"action": "add_task", "entity_type": "task", "list": "Покупки", "task": "Яблоки"}

=== RAW (367677121) ===
{ "action": "add_task", "entity_type": "task", "list": "Покупки", "task": "Апельсины" }
{ "action": "add_task", "entity_type": "task", "list": "Покупки", "task": "Сыр" }

=== RAW (367677121) ===
{ "action": "show_lists" }

=== RAW (367677121) ===
{"action": "create", "entity_type": "list", "list": "Покупки 3"}
{"action": "add_task", "entity_type": "task", "list": "Покупки 3", "task": "Хлеб"}
{"action": "add_task", "entity_type": "task", "list": "Покупки 3", "task": "Молоко"}
{"action": "add_task", "entity_type": "task", "list": "Покупки 3", "task": "Яблоки"}
{"action": "add_task", "entity_type": "task", "list": "Покупки 3", "task": "Африканский Чебурашка"}
{"action": "add_task", "entity_type": "task", "list": "Покупки 3", "task": "Жирафа из Катман"}

=== RAW (367677121) ===
{ "action": "create", "entity_type": "list", "list": "Покупки" }
{ "action": "add_task", "entity_type": "task", "list": "Покупки", "task": "Хлеб" }
{ "action": "add_task", "entity_type": "task", "list": "Покупки", "task": "Молоко" }

=== RAW (367677121) ===
{
  "action": "create",
  "entity_type": "list",
  "list": "Покупки"
}
{
  "action": "add_task",
  "entity_type": "task",
  "list": "Покупки",
  "task": "Хлеб"
}
{
  "action": "add_task",
  "entity_type": "task",
  "list": "Покупки",
  "task": "Молоко"
}

=== RAW (367677121) ===
{ "action": "create", "entity_type": "list", "list": "Дела для дома" }

{ "action": "add_task", "entity_type": "task", "list": "Дела для дома", "task": "Поменять кран в смесителе в ванной" }

{ "action": "add_task", "entity_type": "task", "list": "Дела для дома", "task": "Разобраться с розетками в спальне" }

{ "action": "add_task", "entity_type": "task", "list": "Дела для дома", "task": "Разобраться с дверным замком входящей двери" }

{ "action": "add_task", "entity_type": "task", "list": "Дела для дома", "task": "Собрать" }

=== RAW (367677121) ===
{ "action": "show_lists" }

=== RAW (367677121) ===
{
  "action": "show_lists"
}

{
  "action": "show_tasks",
  "list": "Покупки"
}

=== RAW (367677121) ===
{ "action": "show_lists" }

=== RAW (367677121) ===
{ "action": "create", "entity_type": "note", "title": "обсидиан", "meta": { "text": "Это программа для того чтобы структурировать свои знания и так далее и тому подобное очень крутая штука имеет много разных дополнений и улуч" } }

=== RAW (367677121) ===
{ "action": "show_lists", "meta": { "expand": true } }

=== RAW (367677121) ===
{ "action": "show_lists" }

=== RAW (367677121) ===
{ "action": "show_tasks", "list": "Дом" }

=== RAW (367677121) ===
{ "action": "show_lists" }

=== RAW (367677121) ===
{"action": "add_task", "entity_type": "task", "list": "Покупки", "task": "картошку"}
{"action": "add_task", "entity_type": "task", "list": "Покупки", "task": "молоко"}
{"action": "add_task", "entity_type": "task", "list": "Покупки", "task": "сыр"}

=== RAW (367677121) ===
{ "action": "show_lists" }

=== RAW (367677121) ===
{
  "action": "show_lists"
}

=== RAW (367677121) ===
{
  "action": "show_tasks",
  "list": "Покупки"
}

=== RAW (367677121) ===
{
  "action": "show_list",
  "entity_type": "list",
  "list": "Покупки"
}

=== RAW (367677121) ===
{ "action": "show_tasks", "list": "Покупки" }

=== RAW (367677121) ===
{ "action": "show_lists", "meta": { "expand": true } }

=== RAW (367677121) ===
{
  "action": "show_lists",
  "meta": {
    "expand": true
  }
}

=== RAW (367677121) ===
{ "action": "unknown" }

=== RAW (367677121) ===
{
  "action": "show_lists"
}

=== RAW (367677121) ===
{ "action": "show_lists" }

=== RAW (367677121) ===
{ "action": "show_lists", "meta": {"expand": true} }

=== RAW (367677121) ===
{ "action": "show_lists", "meta": { "expand": true } }

=== RAW (367677121) ===
{ "action": "show_lists", "meta": { "expand": false } }

=== RAW (367677121) ===
{ "action": "show_lists", "meta": { "expand": true } }

=== RAW (367677121) ===
{ "action": "show_lists", "meta": { "expand": true } }

=== RAW (367677121) ===
{ "action": "unknown" }

=== RAW (367677121) ===
{ "action": "unknown" }

=== RAW (367677121) ===
{ "action": "create", "entity_type": "list", "list": "Жена" }
{ "action": "add_task", "entity_type": "task", "list": "Жена", "task": "Прокладки" }
{ "action": "add_task", "entity_type": "task", "list": "Жена", "task": "Крем для лица" }
{ "action": "add_task", "entity_type": "task", "list": "Жена", "task": "Яблоковый вишню" }
{ "action": "add_task", "entity_type": "task", "list": "Жена", "task": "Зралую" }
{ "action": "add_task", "entity_type": "task", "list": "Жена", "task": "Сок персиковый" }

=== RAW (367677121) ===
{ "action": "show_lists", "list": "Жена" }

=== RAW (367677121) ===
{"action": "show_lists", "meta": {"list": "Жена"}}

=== RAW (367677121) ===
{ "action": "show_lists", "meta": { "expand": true } }

=== RAW (367677121) ===
{ "action": "show_tasks", "list": "Жена" }

=== RAW (367677121) ===
{ "action": "delete_task", "entity_type": "task", "list": "Покупки", "task": "Сок" }

=== RAW (367677121) ===
{ "action": "delete_task", "entity_type": "task", "task": "сок персиковый" }

=== RAW (367677121) ===
хочу посмотреть на список жена
{
  "action": "show_tasks",
  "entity_type": "list",
  "list": "жена"
}

=== RAW (367677121) ===
все мои списки покажи в развернутом виде
{
  "action": "show_lists",
  "entity_type": "list",
  "meta": {
    "expand": true
  }
}

=== RAW (367677121) ===
крем удали из списка для дены
{
  "action": "delete_task",
  "entity_type": "task",
  "list": "для дены",
  "task": "крем"
}

=== RAW (367677121) ===
крем удали из списка для жены
{
  "action": "delete_task",
  "entity_type": "task",
  "list": "для жены",
  "task": "крем"
}

=== RAW (367677121) ===
крем для лица отмени
{
  "action": "delete_task",
  "entity_type": "task",
  "task": "крем для лица"
}

=== RAW (367677121) ===
выведи список жена
{
  "action": "show_tasks",
  "entity_type": "list",
  "list": "жена"
}

=== RAW (367677121) ===
Жена список покажи
{
  "action": "show_tasks",
  "entity_type": "list",
  "list": "Жена"
}

=== RAW (367677121) ===
удали из него вторую позицую
{ "action": "unknown" }

=== RAW (367677121) ===
покажи мои списки дел
{
  "action": "show_lists",
  "entity_type": "list",
  "list": null,
  "task": null,
  "meta": {}
}

=== RAW (367677121) ===
покажи в развернутом виде
{
  "action": "show_lists",
  "entity_type": "list",
  "meta": {"expand": true}
}

=== RAW (367677121) ===
из списка для дома удали пункт собрать
{
  "action": "delete_task",
  "entity_type": "task",
  "list": "Для дома",
  "task": "собрать"
}

=== RAW (367677121) ===
задание Яблоковый вишню выполнено
{
  "action": "mark_done",
  "entity_type": "task",
  "list": "Яблоковый",
  "task": "вишню"
}

=== RAW (367677121) ===
картошка и молоко куплены
{
  "action": "add_task",
  "entity_type": "list",
  "list": "Покупки",
  "task": "картошка и молоко куплены"
}

=== RAW (367677121) ===
создай список покупки и добавь туда хлеб и молоко
{
  "action": "create",
  "entity_type": "list",
  "list": "Покупки",
  "meta": {}
}
{
  "action": "add_task",
  "entity_type": "task",
  "list": "Покупки",
  "task": "Хлеб",
  "meta": {}
}
{
  "action": "add_task",
  "entity_type": "task",
  "list": "Покупки",
  "task": "Молоко",
  "meta": {}
}

=== RAW (367677121) ===
а теперь добавь туда сыр
{
  "action": "add_task",
  "entity_type": "task",
  "list": "туда",
  "task": "сыр",
  "meta": {}
}

=== RAW (367677121) ===
покажи всё в развёрнутом виде
{
  "action": "show_lists",
  "entity_type": "list",
  "meta": {"expand": true}
}

=== RAW (367677121) ===
удали вторую задачу из покупок
{
  "action": "delete_task",
  "entity_type": "list",
  "list": "Покупки",
  "meta": {"by_index":2}
}

=== RAW (367677121) ===
картошка и молоко куплены
{
  "action": "mark_done",
  "entity_type": "task",
  "list": "Список покупок",
  "task": "картошка",
  "meta": {}
}

=== RAW (367677121) ===
Удали все списки и все записи. Будем работать в чистого листа
{
  "action": "unknown"
}

=== RAW (367677121) ===
Добрый день мой новый
{
  "action": "clarify",
  "entity_type": "unknown",
  "list": "",
  "task": "",
  "meta": {
    "context_used": false,
    "reasoning": false,
    "context_trace": [],
    "confidence": 0.0,
    "question": "Какой именно запрос или задачу вы хотели бы обсудить?"
  }
}

=== RAW (367677121) ===
Добрый день мой новый ассистент
{
  "action": "unknown",
  "entity_type": "null",
  "list": null,
  "task": null,
  "meta": {
    "context_used": false,
    "reasoning": false,
    "context_trace": [],
    "confidence": 0.0,
    "question": null
  }
}

=== RAW (367677121) ===
Привет assist
{
  "action": "say",
  "text": "Привет! Как я могу помочь тебе сегодня? 😊",
  "meta": {"tone": "friendly", "context_used": false}
}

=== RAW (367677121) ===
Покажи все мои списки в
{
  "action": "show_lists",
  "meta": {"context_used": false}
}

=== RAW (367677121) ===
Удали список с названием туда
{
  "action": "delete_task",
  "entity_type": "list",
  "list": "туда",
  "meta": {"context_used": true}
}

=== RAW (367677121) ===
списки дело для дома поменять кран в смесителе в ванной выпол
{
  "action": "mark_done",
  "entity_type": "task",
  "list": "дела для дома",
  "task": ["поменять кран в смесителе в ванной"],
  "meta": {"context_used": true}
}

=== RAW (367677121) ===
можешь удалить все списки д
{
  "action": "clarify",
  "meta": {"question": "Вы хотите удалить все списки? Пожалуйста, подтвердите."}
}

=== RAW (367677121) ===
Да я хочу все удалить
{
  "action": "delete_task",
  "entity_type": "task",
  "list": null,
  "task": [],
  "meta": {"context_used": true}
}

=== RAW (367677121) ===
Покажи мне все мои списки assist
{
  "action": "show_lists",
  "meta": {"context_used": true}
}

=== RAW (367677121) ===
можешь удалить список туда полностью
{
  "action": "unknown",
  "meta": {"context_used": false}
}

=== RAW (367677121) ===
Покажи список
{
  "action": "clarify",
  "meta": {"question": "Какой именно список вы хотели бы увидеть?", "context_used": false}
}

=== RAW (367677121) ===
который называется туда
{
  "action": "clarify",
  "meta": {"question": "Какой именно объект или список вы имеете в виду, когда говорите 'туда'?", "context_used": true}
}

=== RAW (367677121) ===
в списке жена Удали первую позицию
{
  "action": "delete_task",
  "entity_type": "task",
  "list": "жена",
  "task": [],
  "meta": {"context_used": true}
}

=== RAW (367677121) ===
в списке жена Удали позицию з
{
  "action": "delete_task",
  "entity_type": "list",
  "list": "жена",
  "task": ["з"],
  "meta": {"context_used": true}
}

=== RAW (367677121) ===
в списке покупки молоко два раза одну удали
{
  "action": "delete_task",
  "entity_type": "task",
  "list": "покупки",
  "task": ["молоко"],
  "meta": {"context_used": true}
}

=== RAW (367677121) ===
Создай список Работа
{
  "action": "create",
  "entity_type": "list",
  "list": "Работа",
  "meta": {"context_used": false}
}

=== RAW (367677121) ===
Создай список Работа
{
  "action": "create",
  "entity_type": "list",
  "list": "Работа",
  "meta": {"context_used": false}
}

=== RAW (367677121) ===
Создай список Работа
{
  "action": "create",
  "entity_type": "list",
  "list": "Работа",
  "meta": {"context_used": false}
}

=== RAW (367677121) ===
Добавь туда составить договор
{
  "action": "add_task",
  "entity_type": "task",
  "list": "Заметки",
  "task": "Составить договор",
  "meta": {"context_used": true, "reason": "Создание новой задачи для составления договора."}
}

=== RAW (367677121) ===
Создай список Работа
{
  "action": "create",
  "entity_type": "list",
  "list": "Работа",
  "meta": {"context_used": false}
}

=== RAW (367677121) ===
Добавь туда составить договор
{

  "action": "add_task",

  "entity_type": "list",

  "list": "туда",

  "task": "Составить договор",

  "meta": {"context_used": true, "reason": "пользователь хочет добавить задачу в последний упомянутый список"}

}

=== RAW (367677121) ===
Покажи список Работа
{
  "action": "show_lists",
  "meta": {"context_used": false}
}

=== RAW (367677121) ===
Создай список Работа
{"action": "create", "entity_type": "list", "list": "Работа"}

=== RAW (367677121) ===
Добавь туда составить договор
{"action": "add_task", "entity_type": "task", "list": "<последний список>", "task": "Составить договор", "meta": {"context_used": true}}

=== RAW (367677121) ===
Покажи список Работа
{"action": "show_tasks", "entity_type": "list", "list": "Работа"}

=== RAW (367677121) ===
Создай список Работа
{"action": "create", "entity_type": "list", "list": "Работа"}

=== RAW (367677121) ===
Добавь туда составить договор
{"action": "add_task", "entity_type": "task", "list": "Работа", "task": "Составить договор", "meta": {"context_used": true}}

=== RAW (367677121) ===
Покажи список Работа
{"action": "show_tasks", "entity_type": "list", "list": "Работа"}

=== RAW (367677121) ===
Привет
{"action": "say","text": "Привет! Как я могу помочь сегодня? 😊","meta": {"tone": "friendly","context_used": false}}

=== RAW (367677121) ===
Добавь в список работа следующие пункты позвонить в наваррете Арману
{"action": "add_task","entity_type": "task","list": "Работа","task": "Позвонить в Наваррете Арману","meta": {"context_used": true}}

=== RAW (367677121) ===
Покажи список
{"action": "show_tasks","entity_type": "list","list": "Работа"}

=== RAW (367677121) ===
Удали второй пу
{"action": "delete_task","entity_type": "task","list": "Работа","task": "Позвонить в Наваррете Арману","meta": {"context_used": true, "by_index": 2, "question": "Вы уверены, что хотите удалить эту задачу?","reason": "Пользователь просит удалить вторую задачу из списка работы."}}

=== RAW (367677121) ===
Список работа Добавь в пункт позвонить в наваррете Арману
{"action": "add_task","entity_type": "task","list": "Работа","task": "Позвонить в Наваррете Арману","meta":{"context_used":true}}

=== RAW (367677121) ===
Покажи список работа
{"action": "show_tasks","entity_type": "list","list": "Работа"}

=== RAW (367677121) ===
Добавь туда позвонить в навар
{"action": "add_task","entity_type": "task","list": "Работа","task": "Позвонить в Навар"}

=== RAW (367677121) ===
Добавь Позвонить Арману
{"action": "add_task", "entity_type": "task", "list": "Работа", "task": "Позвонить Арману","meta": {"context_used": true}}

=== RAW (367677121) ===
Покажи весь список
{"action": "show_tasks", "entity_type": "list", "list": "Работа"}

=== RAW (367677121) ===
Позвонить Арману уже можно убрать я
{"action": "delete_task","entity_type": "task","list": "Работа","task": "Позвонить Арману","meta": {"context_used": true}}

=== RAW (367677121) ===
Составим новый список под названием домашние покупки
{"action": "create", "entity_type": "list", "list": "Домашние покупки"}

=== RAW (367677121) ===
Переименуй список домашние покупки в покупки для дома
{"action": "update_task","entity_type": "list","list": "Домашние покупки","task": "Покупки для дома","meta": {"context_used": true}}

=== RAW (367677121) ===
Создай список Работа
{"action": "create", "entity_type": "list", "list": "Работа"}

=== RAW (367677121) ===
Добавь туда составить договор
{"action": "add_task","entity_type": "task","list": "Работа","task": "Составить договор","meta": {"context_used": true}}

=== RAW (367677121) ===
Покажи список Работа
{"action": "show_tasks", "entity_type": "list", "list": "Работа"}

=== RAW (367677121) ===
Переименуй список Работа в Дела
{"action": "rename_list", "entity_type": "list", "list": "Работа", "task": "Дела", "meta": {"context_used": true}}

=== RAW (367677121) ===
Создай список Работа
{"action": "create", "entity_type": "list", "list": "Работа"}

=== RAW (367677121) ===
Добавь туда составить договор
{"action": "add_task", "entity_type": "task", "list": "Работа", "task": "Составить договор","meta": {"context_used": true}}

=== RAW (367677121) ===
Покажи список Работа
{"action": "show_tasks", "entity_type": "list", "list": "Работа"}

=== RAW (367677121) ===
Переименуй список Работа в Дела
{"action": "rename_list", "entity_type": "list", "list": "Работа", "task": "Дела", "meta": {"context_used": true}}

=== RAW (367677121) ===
Сохрани этот чат в проект aura
{"action": "unknown","meta": {"question": "Какой именно элемент вы хотите сохранить в проект Aura?","context_used": true}}

=== RAW (367677121) ===
Создай список с названием Инди
{"action": "create", "entity_type": "list", "list": "Инди"}

=== RAW (367677121) ===
Переименуй этот список в названии Инди
{"action": "rename_list","entity_type": "list","list": "Инди","task": "названии"}

=== RAW (367677121) ===
Удали этот список полностью
{"action": "delete_list","entity_type": "list","list": "названии","meta": {"context_used": true}}

=== RAW (367677121) ===
Создай список Индира
{"action": "create", "entity_type": "list", "list": "Индира"}

=== RAW (367677121) ===
Добавь туда следующие задания  машину помыть
 решить вопрос с счетчиками
 поискать варианты квартир
 забронировать чунджу
{"action": "add_task", "entity_type": "task", "list": "Индира", "task": "Помыть машину"}

=== RAW (367677121) ===
Покажи все списки
{"action": "show_lists","meta": {"context_used": true}}

=== RAW (367677121) ===
Удали список домашние покупки
{"action": "delete_list","entity_type": "list","list":"Домашние покупки","meta":{"context_used":true}}

=== RAW (367677121) ===
Список Индира Добавь решить вопрос по счётчикам поискать варианты квартир забронировать чунджу
{"action": "add_task","entity_type": "task","list": "Индира","task": "Решить вопрос с счетчиками"}

=== RAW (367677121) ===
Добавь в список Индира забронировать Чун
{"action": "add_task","entity_type": "task","list": "Индира","task": "Забронировать Чун","meta": {"context_used": true}}

=== RAW (367677121) ===
Покажи список
{"action": "show_lists","meta": {"context_used": true}}

=== RAW (367677121) ===
Покажи список Индира
{"action": "show_tasks","entity_type": "list","list": "Индира"}

=== RAW (367677121) ===
Пункт решить вопрос счётчиками выпол
{"action": "mark_done","entity_type": "task","list": "Индира","task": "Решить вопрос с счетчиками"}

=== RAW (367677121) ===
Покажи все мои списки в развёрнутом виде
{"action": "show_lists","meta": {"context_used": false}}

=== RAW (367677121) ===
Создай список работа туда внести следующие пункты разведка в других городах просмотр вакансии на сайте Headhunter обновление резюме
{"action": "create","entity_type": "list","list": "Работа"},{"action": "add_task","entity_type": "task","list": "Работа","task": "Разведка в других городах"},{"action": "add_task","entity_type": "task","list": "Работа","task": "Просмотр вакансии на сайте Headhunter"},{"action": "add_task","entity_type": "task","list": "Работа","task": "Обновление резюме"}

=== RAW (367677121) ===
Задание обновления резюме исполнено
{"action": "mark_done","entity_type": "task","list": "Работа","task": "Обновление резюме"}

=== RAW (367677121) ===
Покажи список работа
{"action": "show_tasks", "entity_type": "list", "list": "Работа"}

=== RAW (367677121) ===
Создай список Работа внеси задачи исправить договор сходить к нотариусу написать заявление купить запчасти
{"action": "create", "entity_type": "list", "list": "Работа", "tasks": ["Исправить договор", "Сходить к нотариусу", "Написать заявление", "Купить запчасти"]}

=== RAW (367677121) ===
Перенеси задачу купить запчасти в новый список Домашние дела
{"action": "move_entity","entity_type": "task","task": "Купить запчасти","list": "Работа","to_list": "Домашние дела"}

=== RAW (367677121) ===
Показать списки
{"action": "show_lists","entity_type": "list","meta":{"context_used":true}}

=== RAW (367677121) ===
Сходить к нотариусу выполнено
{"action": "mark_done","entity_type": "task","list": "Работа","task": "Сходить к нотариусу"}

=== RAW (367677121) ===
Сходить к нотариусу выполнено
{"action": "mark_done", "entity_type": "task", "list": "Работа", "task": "Сходить к нотариусу"}

=== RAW (367677121) ===
Внеси сдать ковер в чистку в домашние дела
{"action": "add_task", "entity_type": "task", "list": "Индира", "task": "Сдать ковер в чистку"}

=== RAW (367677121) ===
Внеси сдать ковер в чистку в домашние дела
{"action": "add_task", "entity_type": "task", "list": "Индира", "task": "Сдать ковер в чистку"}

=== RAW (367677121) ===
Покажи все мои дела
{"action": "show_all_tasks", "entity_type": "task"}

=== RAW (367677121) ===
Удали список Индира
{"action": "delete_list","entity_type": "list","list": "Индира","meta":{"context_used":true}}

=== RAW (367677121) ===
Удали список Индира
{"action": "delete_list","entity_type": "list","list":"Индира","meta":{"context_used":true}}

=== RAW (367677121) ===
покажи все дела
{"action": "show_all_tasks", "entity_type": "task"}

=== RAW (367677121) ===
покажи все списик
{"action": "show_lists"}

=== RAW (367677121) ===
привет
{"action": "say","text": "Привет! Как дела? 😊","meta": {"tone": "friendly","context_used": false}}

=== RAW (367677121) ===
давай начнем работу
{"action": "say","text": "Давай, с чего начнем? 😊","meta": {"tone": "friendly", "context_used": true}}

=== RAW (367677121) ===
Расскажи что ты умеешь
{"action": "say", "text": "Я могу помочь с управлением задачами: создавать списки, добавлять или удалять задачи, показывать твои дела и даже отмечать их как выполненные. Также я могу помочь с организацией работы и поддерживать тебя в рамках повседневной деятельности. В общем, я твой полезный ассистент! 😊", "meta": {"tone": "friendly", "context_used": false}}

=== RAW (367677121) ===
Покажи мои списки
{"action": "show_lists","entity_type": "list"}

=== RAW (367677121) ===
в развернутом виде
{"action": "say","text": "Мне нужно больше информации! 😊 Что именно ты хочешь узнать в развернутом виде?","meta": {"tone": "friendly", "context_used": true}}

=== RAW (367677121) ===
списки в развернутом виде
{"action": "show_all_tasks", "entity_type": "task"}

=== RAW (367677121) ===
можешь все удалить? начнем сначала
{"action": "delete_list", "entity_type": "list", "list": "Дела","meta": {"context_used": true}},{"action": "delete_list", "entity_type": "list", "list": "Работа","meta": {"context_used": true}}

=== RAW (367677121) ===
Создай список домашние дела туда внеси следующие пункты устранить скрип двери в кухне сходить за продуктами отнести ковёр в чистку сделать дома уборку
{"action": "create","entity_type": "list","list": "Домашние дела","tasks": ["Устранить скрип двери в кухне","Сходить за продуктами","Отнести ковёр в чистку","Сделать дома уборку"]}

=== RAW (367677121) ===
Создай список с названием работа туда внести следующие пункты просмотреть резюме исправить договор Позвонить в офис проверить качество документов
{"action": "create","entity_type": "list","list": "Работа","tasks": ["Просмотреть резюме", "Исправить договор", "Позвонить в офис", "Проверить качество документов"]}

=== RAW (367677121) ===
Покажи мне все мои списки
{"action": "show_lists","entity_type": "list","meta":{"context_used":true}}

=== RAW (367677121) ===
Список работы тоже покажи
{"action": "show_tasks", "entity_type": "list", "list": "Работа", "meta": {"context_used": false}}

=== RAW (367677121) ===
Ковёр в чистку сделано
{"action": "mark_done","entity_type": "task","list": "Домашние дела","task": "Отнести ковёр в чистку"}

=== RAW (367677121) ===
Список работы внеси купить продукты для холодильника
{"action": "add_task", "entity_type": "task", "list": "Работа", "task": "Купить продукты для холодильника"}

=== RAW (367677121) ===
Покажи список работа
{"action": "show_tasks","list": "Работа","entity_type": "list","meta":{"context_used":true}}

=== RAW (367677121) ===
Купить продукты для холодильника надо перенести в список домаш
{"action": "move_entity","entity_type": "task","task": "Купить продукты для холодильника","list": "Работа","to_list": "Домашние дела"}

=== RAW (367677121) ===
Задачу купить продукты для холодильника надо перенести в список домашние дела
{"action":"move_entity","entity_type":"task","task":"Купить продукты для холодильника","list":"Работа","to_list":"Домашние дела"}

=== RAW (367677121) ===
Показать списки
{"action": "show_lists","entity_type": "list"}

=== RAW (367677121) ===
Привет
{ "action": "say", "text": "Привет! Как я могу помочь вам сегодня?", "meta": { "tone": "friendly", "context_used": false } }

=== RAW (367677121) ===
Показать списки
{ "action": "show_lists", "entity_type": "list" }

=== RAW (367677121) ===
Добавь в список рабочие дела туда пункт позвонить по резюме исправить документы
{ "action": "add_task", "entity_type": "task", "list": "Работа", "task": "Позвонить по резюме" }

=== RAW (367677121) ===
В список работа ещё добавь пункты Сделать уборку в гараже
{ "action": "add_task", "entity_type": "task", "list": "Работа", "task": "Сделать уборку в гараже", "meta": { "context_used": true } }

=== RAW (367677121) ===
Сделать дома уборку выполнено
{ "action": "mark_done", "entity_type": "task", "list": "Домашние дела", "task": "Сделать дома уборку" }

=== RAW (367677121) ===
Покажи мне все
{ "action": "show_all_tasks", "entity_type": "task" }

=== RAW (367677121) ===
Показать списки
{ "action": "show_lists", "meta": { "context_used": true } }

=== RAW (367677121) ===
Список работ
{ "action": "show_tasks", "entity_type": "list", "list": "Работа", "meta": { "context_used": true } }

=== RAW (367677121) ===
Покажи все списки
{ "action": "show_lists", "entity_type": "list" }

=== RAW (367677121) ===
Из списка работа пункт Сделать уборку в гараже Перенеси в домашние дела
{ "action": "move_entity", "entity_type": "task", "task": "Сделать уборку в гараже", "list": "Работа", "to_list": "Домашние дела" }

=== RAW (367677121) ===
привет
{ "action": "say", "text": "Привет! Как я могу помочь тебе сегодня?", "meta": { "tone": "friendly", "context_used": false } }

=== RAW (367677121) ===
покажи списки
{ "action": "show_lists", "entity_type": "list", "meta": { "context_used": false } }

=== RAW (367677121) ===
создай список покупки
{ "action": "create", "entity_type": "list", "list": "Покупки", "tasks": [], "meta": { "context_used": false } }

=== RAW (367677121) ===
добавь молоко в покупки
{ "action": "add_task", "entity_type": "task", "list": "Покупки", "task": "Молоко" }

=== RAW (367677121) ===
покажи покупки
{ "action": "show_tasks", "entity_type": "list", "list": "Покупки", "meta": { "context_used": true } }

=== RAW (367677121) ===
молоко куплено
{ "action": "mark_done", "entity_type": "task", "list": "Покупки", "task": "Молоко" }

=== RAW (367677121) ===
удали молоко из покупки
{ "action": "delete_task", "entity_type": "task", "list": "Покупки", "task": "Молоко" }

=== RAW (367677121) ===
создай список работа добавь задачи исправить договор позвонить клиенту
{ "action": "create", "entity_type": "list", "list": "Работа", "tasks": ["Исправить договор", "Позвонить клиенту"], "meta": { "context_used": false } }

=== RAW (367677121) ===
перенеси исправить договор в список домашние
{ "action": "move_entity", "entity_type": "task", "title": "Исправить договор", "list": "Работа", "to_list": "Домашние дела" }

=== RAW (367677121) ===
покажи все дела
{ "action": "show_all_tasks", "entity_type": "task" }

=== RAW (367677121) ===
восстанови молоко в покупки
{ "action": "restore_task", "entity_type": "task", "list": "Покупки", "task": "Молоко" }

=== RAW (367677121) ===
я живу в алматы работаю менеджером
{ "action": "update_profile", "entity_type": "user_profile", "meta": { "city": "Алматы", "profession": "менеджер" } }

=== RAW (367677121) ===
привет
{ "action": "say", "text": "Привет! Как я могу помочь тебе сегодня?", "meta": { "tone": "friendly", "context_used": false } }

=== RAW (367677121) ===
покажи списки
{ "action": "show_lists", "entity_type": "list", "meta": { "context_used": true } }

=== RAW (367677121) ===
создай список покупки
{ "action": "create", "entity_type": "list", "list": "Покупки", "tasks": [], "meta": { "context_used": false } }

=== RAW (367677121) ===
добавь молоко в покупки
{ "action": "add_task", "entity_type": "task", "list": "Покупки", "task": "Молоко" }

=== RAW (367677121) ===
покажи покупки
{ "action": "show_tasks", "entity_type": "list", "list": "Покупки", "meta": { "context_used": true } }

=== RAW (367677121) ===
молоко сделано
{ "action": "mark_done", "entity_type": "task", "list": "Покупки", "task": "Молоко" }

=== RAW (367677121) ===
удали молоко из покупки
{ "action": "delete_task", "entity_type": "task", "list": "Покупки", "task": "молоко", "meta": { "context_used": true } }

=== RAW (367677121) ===
создай список работа добавь задачи исправить договор позвонить клиенту
{ "action": "create", "entity_type": "list", "list": "Работа", "tasks": ["Исправить договор", "Позвонить клиенту"] }

=== RAW (367677121) ===
перенеси исправить договор в список домашние
{ "action": "move_entity", "entity_type": "task", "title": "Исправить договор", "list": "Работа", "to_list": "Домашние дела" }

=== RAW (367677121) ===
покажи все дела
{ "action": "show_all_tasks", "entity_type": "task" }

=== RAW (367677121) ===
восстанови молоко в покупки
{ "action": "restore_task", "entity_type": "task", "list": "Покупки", "task": "Молоко" }

=== RAW (367677121) ===
я живу в алматы работаю менеджером
{ "action": "update_profile", "entity_type": "user_profile", "meta": { "city": "Алматы", "profession": "менеджер" } }

=== RAW (367677121) ===
переименуй список покупки в шопинг
{ "action": "rename_list", "entity_type": "list", "list": "Покупки", "to_list": "Шопинг", "meta": { "context_used": true } }

=== RAW (367677121) ===
покажи списки
{ "action": "show_lists", "entity_type": "list", "meta": { "context_used": true } }

=== RAW (367677121) ===
преврати молоко в заметку
{ "action": "convert_entity", "entity_type": "task", "list": "Покупки", "task": "Молоко", "meta": { "context_used": true, "reason": "превращение задачи в заметку" } }

=== RAW (367677121) ===
покажи заметки
{ "action": "show_lists", "meta": { "context_used": true } }

=== RAW (367677121) ===
удали список шопинг
{ "action": "delete_list", "entity_type": "list", "list": "Шопинг", "meta": { "context_used": false, "question": "Вы уверены, что хотите удалить список шопинг?", "reason": "Пользователь запросил удаление списка", "city": "Алматы", "profession": "менеджер" } }

=== RAW (367677121) ===
да
{ "action": "say", "text": "Привет! Чем могу помочь?", "meta": { "tone": "friendly", "context_used": false } }

=== RAW (367677121) ===
покажи списки
{ "action": "show_lists", "entity_type": "list" }

=== RAW (367677121) ===
удали первую задачу в работа
{ "action": "delete_task", "entity_type": "task", "list": "Работа", "task": "Исправить договор", "meta": { "context_used": true, "by_index": 1 } }

=== RAW (367677121) ===
покажи работа
{ "action": "show_tasks", "list": "Работа", "meta": { "context_used": true } }

=== RAW (367677121) ===
найди задачи с договор
{ "action": "search_entity", "entity_type": "task", "list": "Работа", "task": "договор", "meta": { "context_used": true, "question": "Хотите искать только в списке Работа?", "reason": "Поиск задач с упоминанием слова 'договор'" } }

=== RAW (367677121) ===
верни удаленную задачу молоко в покупки
{ "action": "restore_task", "entity_type": "task", "list": "Покупки", "task": "Молоко" }

=== RAW (367677121) ===
покажи выполненные задачи
{ "action": "show_all_tasks", "entity_type": "task" }

=== RAW (367677121) ===
Показать списки
{ "action": "show_lists", "entity_type": "list" }

=== RAW (367677121) ===
Добавь пункт в список работа сделать анализ рынка согласовать смету провести совещение в 10 утра
{ "action": "add_task", "entity_type": "task", "list": "Работа", "task": "Сделать анализ рынка" }
{ "action": "add_task", "entity_type": "task", "list": "Работа", "task": "Согласовать смету" }
{ "action": "add_task", "entity_type": "task", "list": "Работа", "task": "Провести совещание в 10 утра" }

=== RAW (367677121) ===
в домашние добавь постирать ковер помыть машину купить маленький нож
{ "action": "add_task", "entity_type": "task", "list": "Домашние дела", "tasks": ["Постирать ковер", "Помыть машину", "Купить маленький нож"], "meta": { "context_used": true } }

=== RAW (367677121) ===
в домашние дела  добавь постирать ковер помыть машину купить маленький нож
{ "action": "add_task", "entity_type": "task", "list": "Домашние дела", "tasks": ["Постирать ковер", "Помыть машину", "Купить маленький нож"], "meta": { "context_used": true } }

=== RAW (367677121) ===
в список домашние дела добавь постирать ковер помыть машину купить маленький нож
{ "action": "add_task", "entity_type": "task", "list": "Домашние дела", "tasks": ["Постирать ковер", "Помыть машину", "Купить маленький нож"], "meta": { "context_used": true } }

=== RAW (367677121) ===
Показать списки
{ "action": "show_lists", "meta": { "context_used": true } }

=== RAW (367677121) ===
в список домашние дела добавь постирать ковер помыть машину купить маленький нож
{ "action": "add_task", "entity_type": "task", "list": "Домашние дела", "tasks": ["Постирать ковер", "Помыть машину", "Купить маленький нож"], "meta": { "context_used": true } }

=== RAW (367677121) ===
покажи домашние дела
{ "action": "show_tasks", "list": "Домашние дела", "meta": { "context_used": true } }

=== RAW (367677121) ===
Добавить задачу
{ "action": "clarify", "meta": { "question": "Какую задачу вы хотите добавить и в какой список?", "context_used": false } }

=== RAW (367677121) ===
пфораи
{ "action": "clarify", "meta": { "question": "Не совсем понимаю, что такое 'пфораи'. Можешь уточнить?", "context_used": true } }

=== RAW (367677121) ===
покажи списки
{ "action": "show_lists", "entity_type": "list" }

=== RAW (367677121) ===
в список домашние дела добавь постирать ковер помыть машину купить маленький нож
{ "action": "add_task", "entity_type": "task", "list": "Домашние дела", "tasks": ["Постирать ковер", "Помыть машину", "Купить маленький нож"] }

=== RAW (367677121) ===
покажи домашние дела
{ "action": "show_tasks", "entity_type": "task", "list": "Домашние дела" }

=== RAW (367677121) ===
добавь пункт в список работа сделать анализ рынка согласовать смету провести совещание в 10 утра
{ "action": "add_task", "entity_type": "task", "list": "Работа", "tasks": ["Сделать анализ рынка", "Согласовать смету", "Провести совещание в 10 утра"] }

=== RAW (367677121) ===
покажи работа
{ "action": "show_tasks", "entity_type": "task", "list": "Работа" }

=== RAW (367677121) ===
переименуй список покупки в шопинг
{ "action": "rename_list", "entity_type": "list", "list": "Покупки", "task": "Шопинг" }

=== RAW (367677121) ===
сделай молоко заметкой
{ "action": "convert_entity", "entity_type": "task", "list": "Работа", "task": "Молоко", "meta": { "new_type": "note" } }

=== RAW (367677121) ===
покажи заметки в шопинг
{ "action": "show_tasks", "entity_type": "note", "list": "Шопинг" }

=== RAW (367677121) ===
удали список шопинг
{ "action": "delete_list", "entity_type": "list", "list": "Шопинг" }

=== RAW (367677121) ===
да
{ "action": "say", "text": "Привет! Как я могу помочь?", "meta": { "tone": "friendly", "context_used": false } }

=== RAW (367677121) ===
удали вторую задачу в домашние дела
{ "action": "delete_task", "entity_type": "task", "list": "Домашние дела", "task": "Помыть машину", "meta": { "context_used": true, "by_index": 2 } }

=== RAW (367677121) ===
найди задачи с договор
{ "action": "search_entity", "entity_type": "task", "meta": { "pattern": "договор" } }

=== RAW (367677121) ===
покажи выполненные
{ "action": "show_completed_tasks", "entity_type": "task" }

=== RAW (367677121) ===
привет
{ "action": "say", "text": "Привет! Как я могу помочь тебе сегодня?", "meta": { "tone": "friendly", "context_used": false } }

=== RAW (367677121) ===
покажи списки
{ "action": "show_lists", "entity_type": "list" }

=== RAW (367677121) ===
создай список покупки
{ "action": "create", "entity_type": "list", "list": "Покупки", "tasks": [] }

=== RAW (367677121) ===
добавь молоко в покупки
{ "action": "add_task", "entity_type": "task", "list": "Покупки", "tasks": ["Молоко"] }

=== RAW (367677121) ===
покажи покупки
{ "action": "show_tasks", "entity_type": "task", "list": "Покупки" }

=== RAW (367677121) ===
молоко сделано
{ "action": "mark_done", "entity_type": "task", "list": "Покупки", "task": "Молоко" }

=== RAW (367677121) ===
удали молоко из покупки
{ "action": "delete_task", "entity_type": "task", "list": "Покупки", "task": "молоко" }

=== RAW (367677121) ===
удали молоко из покупки
{ "action": "delete_task", "entity_type": "task", "list": "Покупки", "task": "молоко" }

=== RAW (367677121) ===
создай список работа добавь задачи исправить договор позвонить клиенту
{ "action": "create", "entity_type": "list", "list": "Работа", "tasks": ["Исправить договор", "Позвонить клиенту"] }

=== RAW (367677121) ===
переименуй список покупки в шопинг
{ "action": "rename_list", "entity_type": "list", "list": "Покупки", "task": "Шопинг" }

=== RAW (367677121) ===
покажи шопинг
{ "action": "show_tasks", "entity_type": "task", "list": "Шопинг" }

=== RAW (367677121) ===
удали список шопинг
{ "action": "delete_list", "entity_type": "list", "list": "Шопинг" }

=== RAW (367677121) ===
да
{ "action": "say", "text": "Привет! Как я могу помочь тебе сегодня?", "meta": { "tone": "friendly", "context_used": false } }

=== RAW (367677121) ===
покажи списки
{ "action": "show_lists", "entity_type": "list" }

=== RAW (367677121) ===
удали вторую задачу в работа
{ "action": "delete_task", "entity_type": "task", "list": "Работа", "task": "Сделать анализ рынка" }

=== RAW (367677121) ===
покажи работа
{ "action": "show_tasks", "entity_type": "task", "list": "Работа" }

=== RAW (367677121) ===
найди задачи с договор
{ "action": "search_entity", "entity_type": "task", "meta": { "pattern": "договор" } }

=== RAW (367677121) ===
покажи выполненные задачи
{ "action": "show_completed_tasks", "entity_type": "task" }

=== RAW (367677121) ===
восстанови задачу молоко в шопинг
{ "action": "restore_task", "entity_type": "task", "list": "Шопинг", "task": "Молоко" }

=== RAW (367677121) ===
я живу в алматы работаю менеджером
{ "action": "update_profile", "entity_type": "user_profile", "meta": { "city": "Алматы", "profession": "менеджер" } }

=== RAW (367677121) ===
в список домашние дела добавь постирать ковер помыть машину купить маленький нож
{ "action": "add_task", "entity_type": "task", "list": "Домашние дела", "tasks": ["Постирать ковер", "Помыть машину", "Купить маленький нож"] }

=== RAW (367677121) ===
покажи домашние дела
{ "action": "show_tasks", "entity_type": "task", "list": "Домашние дела" }

=== RAW (367677121) ===
привет
{ "action": "say", "text": "Привет! Как я могу помочь тебе сегодня?", "meta": { "tone": "friendly", "context_used": false } }

=== RAW (367677121) ===
покажи списки
{ "action": "show_lists", "entity_type": "list", "meta": { "context_used": true } }

=== RAW (367677121) ===
создай список покупки
{ "action": "create", "entity_type": "list", "list": "Покупки", "tasks": [], "meta": { "context_used": false } }

=== RAW (367677121) ===
добавь молоко в покупки
{ "action": "add_task", "entity_type": "task", "list": "Покупки", "tasks": ["Молоко"] }

=== RAW (367677121) ===
покажи покупки
{ "action": "show_tasks", "entity_type": "task", "list": "Покупки" }

=== RAW (367677121) ===
молоко куплено
{ "action": "mark_done", "entity_type": "task", "list": "Покупки", "task": "Молоко" }

=== RAW (367677121) ===
удали молоко из покупки
{ "action": "delete_task", "entity_type": "task", "list": "Покупки", "task": "молоко", "meta": { "context_used": true } }

=== RAW (367677121) ===
создай список работа добавь задачи исправить договор позвонить клиенту
{ "action": "create", "entity_type": "list", "list": "Работа", "tasks": ["Исправить договор", "Позвонить клиенту"] }

=== RAW (367677121) ===
переименуй список покупки в шопинг
{ "action": "rename_list", "entity_type": "list", "list": "Покупки", "task": "Шопинг" }

=== RAW (367677121) ===
покажи шопинг
{ "action": "show_tasks", "entity_type": "task", "list": "Шопинг" }

=== RAW (367677121) ===
удали список шопинг
{ "action": "delete_list", "entity_type": "list", "list": "Шопинг" }

=== RAW (367677121) ===
да
{ "action": "say", "text": "Привет! Как я могу помочь тебе сегодня?", "meta": { "tone": "friendly", "context_used": false } }

=== RAW (367677121) ===
удали список шопинг
{ "action": "delete_list", "entity_type": "list", "list": "Шопинг" }

=== RAW (367677121) ===
покажи списки
{ "action": "show_lists", "entity_type": "list" }

=== RAW (367677121) ===
удали вторую задачу в работа
{ "action": "delete_task", "entity_type": "task", "list": "Работа", "task": "Позвонить клиенту", "meta": { "context_used": true, "by_index": 2 } }

=== RAW (367677121) ===
покажи работа
{ "action": "show_tasks", "entity_type": "task", "list": "Работа" }

=== RAW (367677121) ===
найди задачи с договор
{ "action": "search_entity", "entity_type": "task", "meta": { "pattern": "договор" } }

=== RAW (367677121) ===
покажи выполненные задачи
{ "action": "show_completed_tasks", "entity_type": "task" }

=== RAW (367677121) ===
покажи выполненные задачи
{ "action": "show_completed_tasks", "entity_type": "task" }

=== RAW (367677121) ===
восстанови задачу молоко в шопинг
{ "action": "restore_task", "entity_type": "task", "list": "Шопинг", "task": "Молоко" }

=== RAW (367677121) ===
я живу в алматы работаю менеджером
{ "action": "update_profile", "entity_type": "user_profile", "meta": { "city": "Алматы", "profession": "менеджер" } }

=== RAW (367677121) ===
в список домашние дела добавь постирать ковер помыть машину купить маленький нож
{ "action": "add_task", "entity_type": "task", "list": "Домашние дела", "tasks": ["Постирать ковер", "Помыть машину", "Купить маленький нож"], "meta": { "context_used": false } }

=== RAW (367677121) ===
покажи домашние дела
{ "action": "show_tasks", "entity_type": "task", "list": "Домашние дела" }

=== RAW (367677121) ===
Постирать ковёр выпол
{ "action": "mark_done", "entity_type": "task", "list": "Домашние дела", "task": "Постирать ковер" }

=== RAW (367677121) ===
Покажи мне все списки
{ "action": "show_lists", "entity_type": "list" }

=== RAW (367677121) ===
привет
{ "action": "say", "text": "Привет! Как дела?", "meta": { "tone": "friendly", "context_used": false } }

=== RAW (367677121) ===
покажи списки
{ "action": "show_lists", "entity_type": "list" }

=== RAW (367677121) ===
создай список покупки
{ "action": "create", "entity_type": "list", "list": "Покупки", "tasks": [], "meta": { "context_used": false } }

=== RAW (367677121) ===
добавь молоко в покупки
{ "action": "add_task", "entity_type": "task", "list": "Покупки", "tasks": ["Молоко"] }

=== RAW (367677121) ===
покажи покупки
{ "action": "show_tasks", "entity_type": "task", "list": "Покупки" }

=== RAW (367677121) ===
молоко куплено
{ "action": "mark_done", "entity_type": "task", "list": "Покупки", "task": "Молоко" }

=== RAW (367677121) ===
удали молоко из покупки
{ "action": "delete_task", "entity_type": "task", "list": "Покупки", "task": "молоко" }

=== RAW (367677121) ===
создай список работа добавь задачи исправить договор позвонить клиенту
{ "action": "create", "entity_type": "list", "list": "Работа", "tasks": ["Исправить договор", "Позвонить клиенту"] }

=== RAW (367677121) ===
покажи работа
{ "action": "show_tasks", "entity_type": "task", "list": "Работа" }

=== RAW (367677121) ===
переименуй список покупки в шопинг
{ "action": "rename_list", "entity_type": "list", "list": "Покупки", "task": "Шопинг" }

=== RAW (367677121) ===
покажи шопинг
{ "action": "show_tasks", "entity_type": "task", "list": "Шопинг" }

=== RAW (367677121) ===
удали список шопинг
{ "action": "delete_list", "entity_type": "list", "list": "Шопинг" }

=== RAW (367677121) ===
Да
{ "action": "say", "text": "Привет! Как я могу помочь тебе сегодня?", "meta": { "tone": "friendly", "context_used": false } }

=== RAW (367677121) ===
покажи списки
{ "action": "show_lists", "entity_type": "list" }

=== RAW (367677121) ===
удали вторую задачу в работа
{ "action": "delete_task", "entity_type": "task", "list": "Работа", "task": "Позвонить клиенту", "meta": { "context_used": true, "by_index": 2 } }

=== RAW (367677121) ===
удали вторую задачу в работа
{ "action": "delete_task", "entity_type": "task", "list": "Работа", "task": "Исправить договор", "meta": { "context_used": true, "by_index": 2 } }

=== RAW (367677121) ===
найди задачи с договор
{ "action": "search_entity", "entity_type": "task", "meta": { "pattern": "договор" } }

=== RAW (367677121) ===
покажи выполненные задачи
{ "action": "show_completed_tasks", "entity_type": "task" }

=== RAW (367677121) ===
восстанови задачу молоко в шопинг
{ "action": "restore_task", "entity_type": "task", "list": "Шопинг", "task": "Молоко" }

=== RAW (367677121) ===
я живу в алматы работаю менеджером
{ "action": "update_profile", "entity_type": "user_profile", "meta": { "city": "Алматы", "profession": "менеджер" } }

=== RAW (367677121) ===
я живу в алматы работаю менеджером
{ "action": "update_profile", "entity_type": "user_profile", "meta": { "city": "Алматы", "profession": "менеджер" } }

=== RAW (367677121) ===
покажи домашние дела
{ "action": "show_tasks", "entity_type": "task", "list": "Домашние дела" }

=== RAW (367677121) ===
перенеси исправить договор в домашние дела
{ "action": "move_entity", "entity_type": "task", "title": "Исправить договор", "list": "Работа", "to_list": "Домашние дела" }

=== RAW (367677121) ===
покажи все дела
{ "action": "show_all_tasks", "entity_type": "task" }

=== RAW (367677121) ===
привет
{ "action": "say", "text": "Привет! Как я могу помочь тебе сегодня?", "meta": { "tone": "friendly", "context_used": false } }

=== RAW (367677121) ===
покажи списки
{ "action": "show_lists", "entity_type": "list", "meta": { "context_used": false } }

=== RAW (367677121) ===
создай список покупки
{ "action": "create", "entity_type": "list", "list": "Покупки", "tasks": [] }

=== RAW (367677121) ===
добавь молоко в покупки
{ "action": "add_task", "entity_type": "task", "list": "Покупки", "tasks": ["Молоко"] }

=== RAW (367677121) ===
покажи покупки
{ "action": "show_tasks", "entity_type": "task", "list": "Покупки" }

=== RAW (367677121) ===
молоко куплено
{ "action": "mark_done", "entity_type": "task", "list": "Покупки", "task": "Молоко" }

=== RAW (367677121) ===
удали молоко из покупки
{ "action": "delete_task", "entity_type": "task", "list": "Покупки", "task": "молоко" }

=== RAW (367677121) ===
создай список работа добавь задачи исправить договор позвонить клиенту
{ "action": "create", "entity_type": "list", "list": "Работа", "tasks": ["Исправить договор", "Позвонить клиенту"] }

=== RAW (367677121) ===
покажи работа
{ "action": "show_tasks", "entity_type": "task", "list": "Работа" }

=== RAW (367677121) ===
переименуй список покупки в шопинг
{ "action": "rename_list", "entity_type": "list", "list": "Покупки", "task": "Шопинг" }

=== RAW (367677121) ===
покажи шопинг
{ "action": "show_tasks", "entity_type": "task", "list": "Шопинг" }

=== RAW (367677121) ===
удали список шопинг
{ "action": "clarify", "meta": { "question": "Вы уверены, что хотите удалить список Шопинг?", "context_used": true } }

=== RAW (367677121) ===
Да
{ "action": "delete_list", "entity_type": "list", "list": "Шопинг" }

=== RAW (367677121) ===
да
{ "action": "delete_list", "entity_type": "list", "list": "Шопинг" }

=== RAW (367677121) ===
покажи списки
{ "action": "show_lists", "entity_type": "list" }

=== RAW (367677121) ===
удали вторую задачу в работа
{ "action": "delete_task", "entity_type": "task", "list": "Работа", "task": "Позвонить клиенту", "meta": { "context_used": true, "by_index": 2 } }

=== RAW (367677121) ===
найди задачи с договор
{ "action": "search_entity", "entity_type": "task", "meta": { "pattern": "договор" } }

=== RAW (367677121) ===
покажи выполненные задачи
{ "action": "show_completed_tasks", "entity_type": "task" }

=== RAW (367677121) ===
восстанови задачу молоко в шопинг
{ "action": "restore_task", "entity_type": "task", "list": "Шопинг", "task": "Молоко" }

=== RAW (367677121) ===
я живу в алматы работаю менеджером
{ "action": "update_profile", "entity_type": "user_profile", "meta": { "city": "Алматы", "profession": "менеджер" } }

=== RAW (367677121) ===
в список домашние дела добавь постирать ковер помыть машину купить маленький нож
{ "action": "add_task", "entity_type": "task", "list": "Домашние дела", "tasks": ["Постирать ковер", "Помыть машину", "Купить маленький нож"], "meta": { "context_used": false } }

=== RAW (367677121) ===
покажи домашние дела
{ "action": "show_tasks", "entity_type": "task", "list": "Домашние дела" }

=== RAW (367677121) ===
перенеси исправить договор в домашние дела
{ "action": "move_entity", "entity_type": "task", "task": "Исправить договор", "list": "Работа", "to_list": "Домашние дела" }

=== RAW (367677121) ===
покажи все дела
{ "action": "show_all_tasks", "entity_type": "task" }

=== RAW (367677121) ===
привет
{ "action": "say", "text": "Привет! Как у тебя дела?", "meta": { "tone": "friendly", "context_used": false } }

=== RAW (367677121) ===
покажи списки
{ "action": "show_lists", "entity_type": "list" }

=== RAW (367677121) ===
создай список покупки
{ "action": "create", "entity_type": "list", "list": "Покупки", "tasks": [] }

=== RAW (367677121) ===
добавь молоко в покупки
{ "action": "add_task", "entity_type": "task", "list": "Покупки", "tasks": ["Молоко"] }

=== RAW (367677121) ===
покажи покупки
{ "action": "show_tasks", "entity_type": "task", "list": "Покупки" }

=== RAW (367677121) ===
покажи покупки
{ "action": "show_tasks", "entity_type": "task", "list": "Покупки" }

=== RAW (367677121) ===
молоко куплено
{ "action": "mark_done", "entity_type": "task", "list": "Покупки", "title": "Молоко" }

=== RAW (367677121) ===
удали молоко из покупки
{ "action": "delete_task", "entity_type": "task", "list": "Покупки", "title": "молоко" }

=== RAW (367677121) ===
создай список работа добавь задачи исправить договор позвонить клиенту
{ "action": "create", "entity_type": "list", "list": "Работа", "tasks": ["Исправить договор", "Позвонить клиенту"] }

=== RAW (367677121) ===
покажи работа
{ "action": "show_tasks", "entity_type": "task", "list": "Работа" }

=== RAW (367677121) ===
переименуй список покупки в шопинг
{ "action": "rename_list", "entity_type": "list", "list": "Покупки", "title": "Шопинг", "meta": { "context_used": true } }

=== RAW (367677121) ===
покажи шопинг
{ "action": "show_tasks", "entity_type": "task", "list": "Шопинг" }

=== RAW (367677121) ===
покажи шопинг
{ "action": "show_tasks", "entity_type": "task", "list": "Шопинг" }

=== RAW (367677121) ===
удали список шопинг
{ "action": "delete_list", "entity_type": "list", "list": "Шопинг" }

=== RAW (367677121) ===
lf
{ "action": "clarify", "meta": { "question": "Что вы имеете в виду под 'lf'?", "context_used": false } }

=== RAW (367677121) ===
да
{ "action": "delete_list", "entity_type": "list", "list": "Шопинг" }

=== RAW (367677121) ===
покажи списки
{ "action": "show_lists", "entity_type": "list" }

=== RAW (367677121) ===
удали вторую задачу в работа
{ "action": "delete_task", "entity_type": "task", "list": "Работа", "title": "Позвонить клиенту", "meta": { "context_used": true, "by_index": 2 } }

=== RAW (367677121) ===
найди задачи с договор
{ "action": "search_entity", "entity_type": "task", "meta": { "pattern": "договор" } }

=== RAW (367677121) ===
покажи выполненные задачи
{ "action": "show_completed_tasks", "entity_type": "task" }

=== RAW (367677121) ===
восстанови задачу молоко в шопинг
{ "action": "restore_task", "entity_type": "task", "list": "Шопинг", "title": "Молоко" }

=== RAW (367677121) ===
я живу в алматы работаю менеджером
{ "action": "update_profile", "entity_type": "user_profile", "meta": { "city": "Алматы", "profession": "менеджер" } }

=== RAW (367677121) ===
в список домашние дела добавь постирать ковер помыть машину купить маленький нож
{ "action": "add_task", "entity_type": "task", "list": "Домашние дела", "tasks": ["Постирать ковер", "Помыть машину", "Купить маленький нож"], "meta": { "context_used": false } }

=== RAW (367677121) ===
покажи домашние дела
{ "action": "show_tasks", "entity_type": "task", "list": "Домашние дела" }

=== RAW (367677121) ===
перенеси исправить договор в домашние дела
{ "action": "move_entity", "entity_type": "task", "title": "Исправить договор", "list": "Работа", "to_list": "Домашние дела" }

=== RAW (367677121) ===
покажи все дела
{ "action": "show_all_tasks", "entity_type": "task" }

=== RAW (367677121) ===
Добавь в список работа следующие пункты закончить тестирование разослать ссылку на Бота тестером проверить логи решить вопрос с отдельными удаления лагов
{ "action": "add_task", "entity_type": "task", "list": "Работа", "tasks": ["Закончить тестирование", "Разослать ссылку на Бота тестером", "Проверить логи", "Решить вопрос с отдельными удалениями лагов"] }

=== RAW (367677121) ===
Покажи все списки
{ "action": "show_lists", "entity_type": "list" }

=== RAW (367677121) ===
В списке работа Измени четвёртый пункт решить вопрос с отдельными удаления лагов
{ "action": "clarify", "meta": { "question": "На что вы хотите изменить четвёртый пункт: 'Решить вопрос с отдельными удалениями лагов'? ", "context_used": true } }

=== RAW (367677121) ===
Решить вопрос с отдельными удаления лагов
{ "action": "mark_done", "entity_type": "task", "list": "Работа", "title": "Решить вопрос с отдельными удалениями лагов" }

=== RAW (367677121) ===
Покажи все в списке
{ "action": "show_all_tasks", "entity_type": "task" }

=== RAW (367677121) ===
Верни в список работа пункт решить вопрос с отдельными удаления ла
{ "action": "restore_task", "entity_type": "task", "list": "Работа", "title": "Решить вопрос с отдельными удаления лагов" }

=== RAW (367677121) ===
привет
{ "action": "say", "text": "Привет! Как я могу помочь тебе сегодня?", "meta": { "tone": "friendly", "context_used": false } }

=== RAW (367677121) ===
покажи списки
{ "action": "show_lists", "entity_type": "list" }

=== RAW (367677121) ===
создай список покупки
{ "action": "create", "entity_type": "list", "list": "Покупки" }

=== RAW (367677121) ===
добавь молоко в покупки
{ "action": "add_task", "entity_type": "task", "list": "Покупки", "tasks": ["Молоко"] }

=== RAW (367677121) ===
покажи покупки
{ "action": "show_tasks", "entity_type": "task", "list": "Покупки" }

=== RAW (367677121) ===
покажи покупки
{ "action": "show_tasks", "entity_type": "task", "list": "Покупки" }

=== RAW (367677121) ===
удали молоко из покупки
{ "action": "delete_task", "entity_type": "task", "list": "Покупки", "title": "Молоко" }

=== RAW (367677121) ===
создай список работа добавь задачи исправить договор позвонить клиенту
{ "action": "create", "entity_type": "list", "list": "Работа", "tasks": ["Исправить договор", "Позвонить клиенту"] }

=== RAW (367677121) ===
покажи работа
{ "action": "show_tasks", "entity_type": "task", "list": "Работа" }

=== RAW (367677121) ===
переименуй список покупки в шопинг
{ "action": "rename_list", "entity_type": "list", "list": "Покупки", "title": "Шопинг" }

=== RAW (367677121) ===
покажи шопинг
{ "action": "show_tasks", "entity_type": "task", "list": "Шопинг" }

=== RAW (367677121) ===
покажи шопинг
{ "action": "show_tasks", "entity_type": "task", "list": "Шопинг" }

=== RAW (367677121) ===
удали список шопинг
{ "action": "clarify", "meta": { "question": "Вы уверены, что хотите удалить список 'Шопинг'? (да/нет)", "context_used": true } }

=== RAW (367677121) ===
да
{ "action": "say", "text": "Все готово! Если потребуется что-то еще, просто дай знать.", "meta": { "tone": "friendly", "context_used": true } }

=== RAW (367677121) ===
покажи списки
{ "action": "show_lists", "entity_type": "list" }

=== RAW (367677121) ===
удали вторую задачу в работа
{ "action": "delete_task", "entity_type": "task", "list": "Работа", "title": "Позвонить клиенту", "meta": { "context_used": true, "by_index": 2 } }

=== RAW (367677121) ===
найди задачи с договор
{ "action": "search_entity", "entity_type": "task", "meta": { "pattern": "договор" } }

=== RAW (367677121) ===
покажи выполненные задачи
{ "action": "show_completed_tasks", "entity_type": "task" }

=== RAW (367677121) ===
восстанови задачу
{ "action": "clarify", "meta": { "question": "Какую задачу вы хотите восстановить?", "context_used": true } }

=== RAW (367677121) ===
удали список шопинг
{ "action": "delete_list", "entity_type": "list", "list": "Шопинг" }

=== RAW (367677121) ===
Да
{ "action": "say", "text": "Не совсем понял, что именно требуется. Можешь уточнить?", "meta": { "tone": "friendly", "context_used": true } }

=== RAW (367677121) ===
удали список шопинг
{ "action": "clarify", "meta": { "question": "Вы уверены, что хотите удалить список Шопинг? Это действие необратимо!", "context_used": true } }

=== RAW (367677121) ===
да
{ "action": "say", "text": "Привет! Как я могу помочь?", "meta": { "tone": "friendly", "context_used": false } }

=== RAW (367677121) ===
Показать списки
{ "action": "show_lists", "entity_type": "list" }

=== RAW (367677121) ===
Удали список шопинг
{ "action": "delete_list", "entity_type": "list", "list": "Шопинг" }

=== RAW (367677121) ===
Да
{ "action": "delete_list", "entity_type": "list", "list": "Шопинг" }

=== RAW (367677121) ===
Показать списки
{ "action": "show_lists", "entity_type": "list" }

=== RAW (367677121) ===
Заведи список Домашние дела
{ "action": "create", "entity_type": "list", "list": "Домашние дела" }

=== RAW (367677121) ===
Внеси в него купить маленький нож
{ "action": "add_task", "entity_type": "task", "list": "Домашние дела", "tasks": ["Купить маленький нож"], "meta": { "context_used": true } }

=== RAW (367677121) ===
Еще добавь заняться розеткой в спальне
{ "action": "add_task", "entity_type": "task", "list": "Домашние дела", "tasks": ["Заняться розеткой в спальне"], "meta": { "context_used": true } }

=== RAW (367677121) ===
Ты мне нравишься ассистент
{ "action": "say", "text": "Спасибо! Мне приятно это слышать! Как я могу помочь тебе сегодня?", "meta": { "tone": "friendly", "context_used": false } }

=== RAW (367677121) ===
Показать списки
{ "action": "show_lists", "entity_type": "list" }

=== RAW (367677121) ===
Добавить задачу
{ "action": "clarify", "meta": { "question": "Какую задачу вы хотите добавить и в какой список?", "context_used": true } }

=== RAW (367677121) ===
Утюг в список домашние
{ "action": "add_task", "entity_type": "task", "list": "Домашние дела", "tasks": ["Утюг"] }

=== RAW (367677121) ===
Создай список домашние дела туда внести следующие пункты отремонтировать розетку в спальне купить маленький
{ "action": "create", "entity_type": "list", "list": "Домашние дела", "tasks": ["Отремонтировать розетку в спальне", "Купить маленький"] }

=== RAW (367677121) ===
Создай список ассистента
{ "action": "create", "entity_type": "list", "list": "Ассистент", "tasks": [] }

=== RAW (367677121) ===
Неси туда пожалуйста следующие дела разослать бот тестировщиком настроить логи из сбор логов
{ "action": "add_task", "entity_type": "task", "list": "Ассистент", "tasks": ["Разослать бот тестировщикам", "Настроить логи из сбор логов"] }

=== RAW (367677121) ===
Покажи мне все мои списки
{ "action": "show_lists", "entity_type": "list" }

=== RAW (367677121) ===
Удали список ассистент
{ "action": "delete_list", "entity_type": "list", "list": "Ассистент" }

=== RAW (367677121) ===
Да
{ "action": "say", "text": "Кажется, я не получил контекст для этой команды. Как я могу помочь?", "meta": { "tone": "friendly", "context_used": false } }

=== RAW (367677121) ===
Удали список ассистент
{ "action": "clarify", "meta": { "question": "Вы уверены, что хотите удалить список 'Ассистент'? Это действие невозможно отменить.", "context_used": true } }

=== RAW (367677121) ===
Да
{ "action": "say", "text": "Привет! Как я могу помочь сегодня?", "meta": { "tone": "friendly", "context_used": false } }

=== RAW (367677121) ===
Удали список assist
{ "action": "delete_list", "entity_type": "list", "list": "Ассистент" }

=== RAW (367677121) ===
Да
{ "action": "say", "text": "Кажется, я не совсем понимаю, к чему это \"да\". Можешь уточнить, к какому вопросу это относится?", "meta": { "tone": "friendly", "context_used": true } }

=== RAW (367677121) ===
Удали список Асситент
{ "action": "clarify", "meta": { "question": "Ты уверена, что хочешь удалить список Ассистент? Пожалуйста, подтвердите "да" или "нет".", "context_used": true } }

=== RAW (367677121) ===
создай список домашние дела
{ "action": "create", "entity_type": "list", "list": "Домашние дела" }

=== RAW (367677121) ===
добавь в домашние дела отремонтировать розетку купить лампу помыть пол
{ "action": "add_task", "entity_type": "task", "list": "Домашние дела", "tasks": ["Отремонтировать розетку", "Купить лампу", "Помыть пол"] }

=== RAW (367677121) ===
создай список домашние дела
{ "action": "create", "entity_type": "list", "list": "Домашние дела", "tasks": [] }

=== RAW (367677121) ===
добавь в домашние дела отремонтировать розетку купить лампу помыть пол
{ "action": "add_task", "entity_type": "task", "list": "Домашние дела", "tasks": ["Отремонтировать розетку", "Купить лампу", "Помыть пол"] }

=== RAW (367677121) ===
привет
{ "action": "say", "text": "Привет! Как я могу помочь тебе сегодня?", "meta": { "tone": "friendly", "context_used": false } }

=== RAW (367677121) ===
привет
{ "action": "say", "text": "Привет! Как я могу помочь тебе сегодня?", "meta": { "tone": "friendly", "context_used": false } }

=== RAW (367677121) ===
прие
{ "action": "clarify", "meta": { "question": "Не совсем понял ваш запрос, можете уточнить, что вы хотели сказать?", "context_used": false } }

=== RAW (367677121) ===
ыамвпи
{ "action": "clarify", "meta": { "question": "Похоже, что ваше сообщение содержит ошибку. Можете уточнить, что вы хотели сказать?", "context_used": false } }

=== RAW (367677121) ===
создай список домашние дела
{ "action": "create", "entity_type": "list", "list": "Домашние дела", "tasks": [] }

=== RAW (367677121) ===
добавь в домашние дела отремонтировать розетку купить лампу помыть пол
{ "action": "add_task", "entity_type": "task", "list": "Домашние дела", "tasks": ["Отремонтировать розетку", "Купить лампу", "Помыть пол"] }

=== RAW (367677121) ===
покажи домашние дела
{ "action": "show_tasks", "entity_type": "task", "list": "Домашние дела" }

=== RAW (367677121) ===
создай список работа внеси задачи позвонить клиенту подготовить отчет проверить почту
{ "action": "create", "entity_type": "list", "list": "Работа", "tasks": ["Позвонить клиенту", "Подготовить отчет", "Проверить почту"] }

=== RAW (367677121) ===
покажи все списки
{ "action": "show_lists", "entity_type": "list" }

=== RAW (367677121) ===
отметь выполненной позвонить клиенту в работа
{ "action": "mark_done", "entity_type": "task", "list": "Работа", "title": "Позвонить клиенту" }

=== RAW (367677121) ===
найди задачи с почту
{ "action": "search_entity", "entity_type": "task", "meta": { "pattern": "почту" } }

=== RAW (367677121) ===
измени подготовить отчет на составить отчет в работа
{ "action": "update_task", "entity_type": "task", "list": "Работа", "meta": { "by_index": 1, "new_title": "Составить отчет", "context_used": true } }

=== RAW (367677121) ===
перенеси помыть пол из домашние дела в работа
{ "action": "move_entity", "entity_type": "task", "title": "Помыть пол", "list": "Домашние дела", "to_list": "Работа" }

=== RAW (367677121) ===
удали список работа
{ "action": "delete_list", "entity_type": "list", "list": "Работа" }

=== RAW (367677121) ===
да
{ "action": "say", "text": "Привет! Чем могу помочь?", "meta": { "tone": "friendly", "context_used": false } }

=== RAW (367677121) ===
покажи все списки
{ "action": "show_lists", "entity_type": "list" }

=== RAW (367677121) ===
восстанови задачу позвонить клиенту в домашние дела
{ "action": "restore_task", "entity_type": "task", "list": "Домашние дела", "title": "Позвонить клиенту", "meta": { "fuzzy": true } }

=== RAW (367677121) ===
покажи выполненные задачи
{ "action": "show_completed_tasks", "entity_type": "task" }

=== RAW (367677121) ===
удали список работа
{ "action": "delete_list", "entity_type": "list", "list": "Работа" }

=== RAW (367677121) ===
да
{ "action": "say", "text": "Кажется, я пропустил контекст. Чему ты говоришь 'да'?", "meta": { "tone": "friendly", "context_used": false } }

=== RAW (367677121) ===
Показать списки
{ "action": "show_lists", "entity_type": "list" }

=== RAW (367677121) ===
удали список работа
{ "action": "clarify", "meta": { "question": "Уверен, что хочешь удалить список Работа? Скажи 'да' или 'нет'.", "pending": "Работа" } }

=== RAW (367677121) ===
да
{ "action": "clarify", "meta": { "question": "Уверен, что хочешь удалить список [имя]? Скажи 'да' или 'нет'.", "pending": "имя списка" } }

=== RAW (367677121) ===
да
{ "action": "clarify", "meta": { "question": "Уверен, что хочешь удалить список [имя]? Скажи 'да' или 'нет'.", "pending": "Шопинг" } }

=== RAW (367677121) ===
создай список работа
{ "action": "create", "entity_type": "list", "list": "Работа", "tasks": [] }

=== RAW (367677121) ===
удали список работа
{ "action": "clarify", "meta": { "question": "Уверен, что хочешь удалить список Работа? Скажи 'да' или 'нет'.", "pending": "Работа", "context_used": true } }

=== RAW (367677121) ===
да
{ "action": "say", "text": "Привет! Как я могу помочь тебе сегодня?", "meta": { "tone": "friendly", "context_used": false } }

=== RAW (367677121) ===
создай список работа
{ "action": "create", "entity_type": "list", "list": "Работа", "tasks": [] }

=== RAW (367677121) ===
удали список работа
{ "action": "clarify", "meta": { "question": "Уверен, что хочешь удалить список Работа? Скажи 'да' или 'нет'.", "pending": "Работа" } }

=== RAW (367677121) ===
да
{ "action": "say", "text": "Привет! Как я могу помочь сегодня?", "meta": { "tone": "friendly", "context_used": false } }

=== RAW (367677121) ===
создай список работа
{ "action": "create", "entity_type": "list", "list": "Работа", "tasks": [] }

=== RAW (367677121) ===
удали список работа
{ "action": "clarify", "meta": { "question": "Уверен, что хочешь удалить список Работа? Скажи 'да' или 'нет'.", "pending": "Работа" } }

=== RAW (367677121) ===
да
{ "action": "clarify", "meta": { "question": "Уверен, что хочешь удалить список Работа? Скажи 'да' или 'нет'.", "pending": "Работа" } }

=== RAW (367677121) ===
создай список работа
{ "action": "create", "entity_type": "list", "list": "Работа" }

=== RAW (367677121) ===
в список работа добавь исправить договор
{ "action": "add_task", "entity_type": "task", "list": "Работа", "tasks": ["Исправить договор"] }

=== RAW (367677121) ===
создай список домашние дела
{ "action": "create", "entity_type": "list", "list": "Домашние дела", "tasks": [] }

=== RAW (367677121) ===
покажи домашние дела
{ "action": "show_tasks", "entity_type": "task", "list": "Домашние дела" }

=== RAW (367677121) ===
из списка работа перенеси исправить договор в домашние дела
{ "action": "move_entity", "entity_type": "task", "title": "Исправить договор", "list": "Работа", "to_list": "Домашние дела", "meta": { "fuzzy": true } }

=== RAW (367677121) ===
покажи домашние дела
{ "action": "show_tasks", "entity_type": "task", "list": "Домашние дела" }

=== RAW (367677121) ===
из списка домашние дела перенеси договор в работа
{ "action": "move_entity", "entity_type": "task", "title": "Исправить договор", "list": "Домашние дела", "to_list": "Работа", "meta": { "fuzzy": true } }

=== RAW (367677121) ===
создай список работа
{ "action": "create", "entity_type": "list", "list": "Работа", "tasks": [] }

=== RAW (367677121) ===
в список работа добавь исправить договор, сходить к нотариусу, проверить отчет
{ "action": "add_task", "entity_type": "task", "list": "Работа", "tasks": ["Исправить договор", "Сходить к нотариусу", "Проверить отчет"] }

=== RAW (367677121) ===
измени задачу исправить договор на подписать договор в список работа
{ "action": "update_task", "entity_type": "task", "list": "Работа", "meta": { "fuzzy": true, "new_title": "Подписать договор" } }

=== RAW (367677121) ===
измени второй пункт в списке работа на встретиться с юристом
{ "action": "update_task", "entity_type": "task", "list": "Работа", "meta": { "by_index": 2, "new_title": "Встретиться с юристом" } }

=== RAW (367677121) ===
измени второй пункт в списке работа на встретиться с юристом
{ "action": "update_task", "entity_type": "task", "list": "Работа", "meta": { "by_index": 2, "new_title": "Встретиться с юристом" } }

=== RAW (367677121) ===
покажи список работа
{ "action": "show_tasks", "entity_type": "task", "list": "Работа" }

=== RAW (367677121) ===
создай список работа
{ "action": "clarify", "meta": { "question": "Уже есть похожий список 'Работа'. Создать новый или использовать существующий?", "pending": "Работа" } }

=== RAW (367677121) ===
в список работа добавь исправить договор, похожая задача
{ "action": "clarify", "meta": { "question": "В списке 'Работа' уже есть похожая задача. Добавить новую задачу 'Исправить договор' или изменить существующую?", "context_used": true } }

=== RAW (367677121) ===
нет
{ "action": "say", "text": "Кажется, что-то не так. Чем могу помочь?", "meta": { "tone": "friendly", "context_used": true } }

=== RAW (367677121) ===
измени задачу исправить договор на подписать договор в список работа
{ "action": "update_task", "entity_type": "task", "list": "Работа", "title": "Исправить договор", "meta": { "new_title": "Подписать договор", "fuzzy": true } }

=== RAW (367677121) ===
измени второй пункт в списке работа на встретиться с юристом
{ "action": "update_task", "entity_type": "task", "list": "Работа", "meta": { "by_index": 2, "new_title": "Встретиться с юристом" } }

=== RAW (367677121) ===
покажи список работа
{ "action": "show_tasks", "entity_type": "task", "list": "Работа" }

=== RAW (367677121) ===
создай список работа
{ "action": "create", "entity_type": "list", "list": "Работа", "tasks": [] }

=== RAW (367677121) ===
внеси в него следующие задания проверить почту написать письмо по регистрации сделать сортировку продуктов проверить сертификат соответствия
{ "action": "add_task", "entity_type": "task", "list": "Работа", "tasks": ["Проверить почту", "Написать письмо по регистрации", "Сделать сортировку продуктов", "Проверить сертификат соответствия"] }

=== RAW (367677121) ===
Создать список
{ "action": "clarify", "meta": { "question": "Какой список ты хочешь создать? Пожалуйста, укажи название.", "context_used": true } }

=== RAW (367677121) ===
Создай список Домашние дела
{ "action": "create", "entity_type": "list", "list": "Домашние дела", "tasks": [] }

=== RAW (367677121) ===
внеси в него купить молоко хлеб лук проверить дверцу заняться розетками в спальне
{ "action": "add_task", "entity_type": "task", "list": "Домашние дела", "tasks": ["Купить молоко", "Купить хлеб", "Купить лук", "Проверить дверцу", "Заняться розетками в спальне"] }

=== RAW (367677121) ===
розетки сделано
{ "action": "mark_done", "entity_type": "task", "list": "Домашние дела", "title": "Заняться розетками в спальне" }

=== RAW (367677121) ===
покажи все списки
{ "action": "show_lists", "entity_type": "list" }

=== RAW (367677121) ===
перенеси задание про сотрировку продуктов в домашний список
{ "action": "move_entity", "entity_type": "task", "title": "Сделать сортировку продуктов", "list": "Работа", "to_list": "Домашние дела", "meta": { "fuzzy": true } }

=== RAW (367677121) ===
покажи все списки
{ "action": "show_lists", "entity_type": "list" }

=== RAW (367677121) ===
в домашних делах первый пункт сделан
{ "action": "mark_done", "entity_type": "task", "list": "Домашние дела", "title": "Сделать сортировку продуктов", "meta": { "by_index": 1 } }

=== RAW (367677121) ===
покажи списки
{ "action": "show_lists", "entity_type": "list" }

=== RAW (367677121) ===
лук молоко хлеб куплены
{ "action": "mark_done", "entity_type": "task", "list": "Домашние дела", "title": "Купить лук" }

=== RAW (367677121) ===
Показать списки
{ "action": "show_lists", "entity_type": "list" }

=== RAW (367677121) ===
создай список Домашние дела
{ "action": "create", "entity_type": "list", "list": "Домашние дела", "tasks": [] }

=== RAW (367677121) ===
внеси в него купить молоко хлеб лук
{ "action": "add_task", "entity_type": "task", "list": "Домашние дела", "tasks": ["Купить молоко", "Купить хлеб", "Купить лук"] }

=== RAW (367677121) ===
лук молоко хлеб куплены
{ "action": "mark_done", "entity_type": "task", "list": "Домашние дела", "tasks": ["Купить лук", "Купить молоко", "Купить хлеб"], "meta": { "fuzzy": true } }

=== RAW (367677121) ===
покажи список Домашние дела
{ "action": "show_tasks", "entity_type": "task", "list": "Домашние дела" }

=== RAW (367677121) ===
В список домашние дела внеси купить молоко купить хлеб купить лук
{ "action": "add_task", "entity_type": "task", "list": "Домашние дела", "tasks": ["Купить молоко", "Купить хлеб", "Купить лук"] }

=== RAW (367677121) ===
Покажи мне все списки
{ "action": "show_lists", "entity_type": "list" }

=== RAW (367677121) ===
создай список Домашние дела
{ "action": "create", "entity_type": "list", "list": "Домашние дела", "tasks": [] }

=== RAW (367677121) ===
внеси в него купить молоко хлеб лук
{ "action": "add_task", "entity_type": "task", "list": "Домашние дела", "tasks": ["Купить молоко", "Купить хлеб", "Купить лук"] }

=== RAW (367677121) ===
лук молоко хлеб куплены
{ "action": "mark_done", "entity_type": "task", "list": "Домашние дела", "tasks": ["Купить лук", "Купить молоко", "Купить хлеб"], "meta": { "fuzzy": true } }

=== RAW (367677121) ===
покажи список Домашние дела
{ "action": "show_tasks", "entity_type": "task", "list": "Домашние дела" }

=== RAW (367677121) ===
внеси в него купить молоко хлеб лук
{ "action": "add_task", "entity_type": "task", "list": "Домашние дела", "tasks": ["Купить молоко", "Купить хлеб", "Купить лук"] }

=== RAW (367677121) ===
покажи список Домашние дела
{ "action": "show_tasks", "entity_type": "task", "list": "Домашние дела" }

=== RAW (367677121) ===
создай список Домашние дела
{ "action": "create", "entity_type": "list", "list": "Домашние дела", "tasks": [] }

=== RAW (367677121) ===
внеси в него купить молоко хлеб лук
{ "action": "add_task", "entity_type": "task", "list": "Домашние дела", "tasks": ["Купить молоко", "Купить хлеб", "Купить лук"] }

=== RAW (367677121) ===
лук молоко хлеб куплены
{ "action": "mark_done", "entity_type": "task", "list": "Домашние дела", "tasks": ["Купить лук", "Купить молоко", "Купить хлеб"], "meta": { "fuzzy": true } }

=== RAW (367677121) ===
покажи список Домашние дела
{ "action": "show_tasks", "entity_type": "task", "list": "Домашние дела" }

=== RAW (367677121) ===
внеси в него купить молоко хлеб лук
{ "action": "add_task", "entity_type": "task", "list": "Домашние дела", "tasks": ["Купить молоко", "Купить хлеб", "Купить лук"] }

=== RAW (367677121) ===
покажи список Домашние дела
{ "action": "show_tasks", "entity_type": "task", "list": "Домашние дела" }

=== RAW (367677121) ===
создай список Домашние дела
{ "action": "create", "entity_type": "list", "list": "Домашние дела", "tasks": [] }

=== RAW (367677121) ===
внеси в него купить молоко хлеб лук
{ "action": "add_task", "entity_type": "task", "list": "Домашние дела", "tasks": ["Купить молоко", "Купить хлеб", "Купить лук"] }

=== RAW (367677121) ===
лук молоко хлеб куплены
{ "action": "mark_done", "entity_type": "task", "list": "Домашние дела", "tasks": ["Купить лук", "Купить молоко", "Купить хлеб"], "meta": { "fuzzy": true } }

=== RAW (367677121) ===
покажи список Домашние дела
{ "action": "show_tasks", "entity_type": "task", "list": "Домашние дела" }

=== RAW (367677121) ===
внеси в него купить молоко хлеб лук
{ "action": "add_task", "entity_type": "task", "list": "Домашние дела", "tasks": ["Купить молоко", "Купить хлеб", "Купить лук"] }

=== RAW (367677121) ===
покажи список Домашние дела
{ "action": "show_tasks", "entity_type": "task", "list": "Домашние дела" }

=== RAW (367677121) ===
создай список Домашние дела
{ "action": "create", "entity_type": "list", "list": "Домашние дела", "tasks": [] }

=== RAW (367677121) ===
внеси в него купить молоко хлеб лук
{ "action": "add_task", "entity_type": "task", "list": "Домашние дела", "tasks": ["Купить молоко", "Купить хлеб", "Купить лук"] }

=== RAW (367677121) ===
лук молоко хлеб куплены
{ "action": "mark_done", "entity_type": "task", "list": "Домашние дела", "tasks": ["Купить лук", "Купить молоко", "Купить хлеб"], "meta": { "fuzzy": true } }

=== RAW (367677121) ===
покажи список Домашние дела
{ "action": "show_tasks", "entity_type": "task", "list": "Домашние дела" }

=== RAW (367677121) ===
внеси в него купить молоко хлеб лук
{ "action": "add_task", "entity_type": "task", "list": "Домашние дела", "tasks": ["Купить молоко", "Купить хлеб", "Купить лук"] }

=== RAW (367677121) ===
покажи список Домашние дела
{ "action": "show_tasks", "entity_type": "task", "list": "Домашние дела" }

=== RAW (367677121) ===
создай список Домашние дела
{ "action": "create", "entity_type": "list", "list": "Домашние дела", "tasks": [] }

=== RAW (367677121) ===
создай список Домашние дела
{ "action": "create", "entity_type": "list", "list": "Домашние дела", "tasks": [] }

=== RAW (367677121) ===
лук молоко хлеб куплены
{ "action": "mark_done", "entity_type": "task", "list": "Домашние дела", "tasks": ["Купить лук", "Купить молоко", "Купить хлеб"], "meta": { "fuzzy": true } }

=== RAW (367677121) ===
внеси в него купить молоко хлеб лук
{ "action": "mark_done", "entity_type": "task", "list": "Домашние дела", "tasks": ["Купить молоко", "Купить хлеб", "Купить лук"], "meta": { "fuzzy": true } }

=== RAW (367677121) ===
покажи список Домашние дела
{ "action": "show_tasks", "entity_type": "task", "list": "Домашние дела" }

=== RAW (367677121) ===
внеси в него купить молоко хлеб лук
{ "action": "add_task", "entity_type": "task", "list": "Домашние дела", "tasks": ["Купить молоко", "Купить хлеб", "Купить лук"] }

=== RAW (367677121) ===
лук молоко хлеб куплены
{ "action": "mark_done", "entity_type": "task", "list": "Домашние дела", "tasks": ["Купить лук", "Купить молоко", "Купить хлеб"], "meta": { "fuzzy": true } }

=== RAW (367677121) ===
покажи список Домашние дела
{ "action": "show_tasks", "entity_type": "task", "list": "Домашние дела" }

=== RAW (367677121) ===
внеси в него купить молоко хлеб лук
{ "action": "add_task", "entity_type": "task", "list": "Домашние дела", "tasks": ["Купить молоко", "Купить хлеб", "Купить лук"] }

=== RAW (367677121) ===
покажи список Домашние дела
{ "action": "show_tasks", "entity_type": "task", "list": "Домашние дела" }

=== RAW (367677121) ===
создай список Домашние дела
{ "action": "create", "entity_type": "list", "list": "Домашние дела", "tasks": [] }

=== RAW (367677121) ===
внеси в него купить молоко хлеб лук
{ "action": "add_task", "entity_type": "task", "list": "Домашние дела", "tasks": ["Купить молоко", "Купить хлеб", "Купить лук"] }

=== RAW (367677121) ===
лук молоко хлеб куплены
{ "action": "mark_done", "entity_type": "task", "list": "Домашние дела", "tasks": ["Купить лук", "Купить молоко", "Купить хлеб"], "meta": { "fuzzy": true } }

=== RAW (367677121) ===
покажи список Домашние дела
{ "action": "show_tasks", "entity_type": "task", "list": "Домашние дела" }

=== RAW (367677121) ===
внеси в него купить молоко хлеб лук
{ "action": "add_task", "entity_type": "task", "list": "Домашние дела", "tasks": ["Купить молоко", "Купить хлеб", "Купить лук"] }

=== RAW (367677121) ===
покажи список Домашние дела
{ "action": "show_tasks", "entity_type": "task", "list": "Домашние дела" }

=== RAW (367677121) ===
покажи все списки
{ "action": "show_lists", "entity_type": "list" }

=== RAW (367677121) ===
создай список работа
{ "action": "create", "entity_type": "list", "list": "Работа", "tasks": [] }

=== RAW (367677121) ===
внеси в список работа сделать бота для телеграм проверить резюме сделать рассылку по почте убраться в офисе
{ "action": "add_task", "entity_type": "task", "list": "Работа", "tasks": ["Сделать бота для Telegram", "Проверить резюме", "Сделать рассылку по почте", "Убраться в офисе"] }

=== RAW (367677121) ===
покажи все списки
{ "action": "show_lists", "entity_type": "list" }

=== RAW (1732768647) ===
Создай список дел домашние Неси туда помыть машину заказать билеты в Египет заказать билеты в Дубай Почистить картошку Убраться на балконе
{ "action": "create", "entity_type": "list", "list": "Домашние дела", "tasks": ["Помыть машину", "Заказать билеты в Египет", "Заказать билеты в Дубай", "Почистить картошку", "Убраться на балконе"] }

=== RAW (1732768647) ===
Покажи мне все списки
{ "action": "show_lists", "entity_type": "list" }

=== RAW (1732768647) ===
Машина помыта
{ "action": "mark_done", "entity_type": "task", "list": "Домашние дела", "tasks": ["Помыть машину"], "meta": { "fuzzy": true } }

=== RAW (1732768647) ===
Покажи список домашние
{ "action": "show_tasks", "entity_type": "task", "list": "Домашние дела" }

=== RAW (1732768647) ===
Создай список покупки туда внести следующие пункты купить лук Купить морковку купить шоколадку купить торт
{ "action": "create", "entity_type": "list", "list": "Покупки", "tasks": ["Купить лук", "Купить морковку", "Купить шоколадку", "Купить торт"] }

=== RAW (1732768647) ===
Покажи мне все спи
{ "action": "show_all_tasks", "entity_type": "task" }

=== RAW (1732768647) ===
Лук морковка и торт купленный
{ "action": "mark_done", "entity_type": "task", "list": "Покупки", "tasks": ["Купить лук", "Купить морковку", "Купить торт"], "meta": { "fuzzy": true } }

=== RAW (1732768647) ===
Покажи список покупки
{ "action": "show_tasks", "entity_type": "task", "list": "Покупки" }

=== RAW (1732768647) ===
Создай список четверг туда внеси следующие пункты пациентка Малая операция 11:00 утра пациентка средняя операция 12 дня пациентка от главврача в 2:00 дня
{ "action": "create", "entity_type": "list", "list": "Четверг", "tasks": ["Пациентка: малая операция 11:00 утра", "Пациентка: средняя операция 12 дня", "Пациентка: от главврача в 2:00 дня"] }

=== RAW (1732768647) ===
Покажи мне все списки
{ "action": "show_lists", "entity_type": "list" }

=== RAW (1732768647) ===
Сделай списки твои списки спорт для всех купить квартиру Казакша знать en
{ "action": "create", "entity_type": "list", "list": "Спорт", "tasks": ["Для всех", "Купить квартиру", "Казакша знать", "en"] }

=== RAW (1732768647) ===
Список будет
{ "action": "clarify", "meta": { "question": "Ты имеешь в виду создать новый список? Пожалуйста, уточни название и задачи для него.", "context_used": true } }

=== RAW (1732768647) ===
Покажи все списки
{ "action": "show_lists", "entity_type": "list" }

=== RAW (1732768647) ===
Переименуй список спорт на семейные и добавь туда спорт для всех купить квартиру жумак Казакша знать English
{ "action": "rename_list", "entity_type": "list", "list": "Спорт", "title": "Семейные" }

=== RAW (1732768647) ===
Покажи все списки
{ "action": "show_lists", "entity_type": "list" }

=== RAW (1732768647) ===
Убери всё что стоит в семейных списках
{ "action": "clarify", "meta": { "question": "Уверен, что хочешь удалить весь список Семейные? Скажи 'да' или 'нет'.", "pending": "Семейные" } }

=== RAW (1732768647) ===
Убери из списка семейный 1 2 и 3
{ "action": "mark_done", "entity_type": "task", "list": "Семейные", "tasks": ["en", "Для всех", "Казакша знать"], "meta": { "fuzzy": true } }

=== RAW (1732768647) ===
Семейные списки спорт для всех купить квартиру знать казахский язык в пятницу и знать английский
{ "action": "add_task", "entity_type": "task", "list": "Семейные", "tasks": ["Спорт для всех", "Купить квартиру", "Знать казахский язык в пятницу", "Знать английский"] }

=== RAW (1732768647) ===
Измени назвать казахскую в пятницу на говорим по казахскому языку в пятницу
{ "action": "update_task", "entity_type": "task", "list": "Семейные", "meta": { "by_index": 4, "new_title": "Говорим по казахскому языку в пятницу" } }

=== RAW (1732768647) ===
Нет Верни спорт для всех спорт для всех назад
{ "action": "restore_task", "entity_type": "task", "list": "Семейные", "title": "Спорт для всех", "meta": { "fuzzy": true } }

=== RAW (1732768647) ===
Покажи весь список
{ "action": "show_all_tasks", "entity_type": "task" }

=== RAW (1732768647) ===
Удалить четвёртый пункт и изменить спорт для всех
{ "action": "clarify", "meta": { "question": "Какой именно список ты хочешь изменить или удалить? Четвёртый пункт из какого списка?", "context_used": true } }

=== RAW (1732768647) ===
Из семейного
{ "action": "show_tasks", "entity_type": "task", "list": "Семейные" }

=== RAW (1732768647) ===
Удали пункты 1 2 3 4 из списка Семей
{ "action": "mark_done", "entity_type": "task", "list": "Семейные", "tasks": ["Купить квартиру", "Говорим по казахскому языку в пятницу", "Знать английский", "Знать казахский язык в пятницу"], "meta": { "fuzzy": true } }

=== RAW (1732768647) ===
Покажи все списки
{ "action": "show_lists", "entity_type": "list" }

=== RAW (1732768647) ===
Список семейный Добавь следующие пункты спорт для всех купить квартиру жума Казакша English для всех
{ "action": "add_task", "entity_type": "task", "list": "Семейные", "tasks": ["Спорт для всех", "Купить квартиру", "Жума", "Қазақша", "English для всех"] }

=== RAW (1732768647) ===
Покажи все списки
{ "action": "show_lists", "entity_type": "list" }

=== RAW (1732768647) ===
Покажи список Семей
{ "action": "show_tasks", "entity_type": "task", "list": "Семейные" }

=== RAW (1603227757) ===
Что ты можешь
{ "action": "say", "text": "Я могу помогать с управлением задачами, создавать списки, добавлять и завершать задачи, а также отвечать на вопросы и поддерживать дружеский разговор. Чем могу помочь?", "meta": { "tone": "friendly", "context_used": false } }

=== RAW (1603227757) ===
А у тебя есть свое мнение
{ "action": "say", "text": "Конечно, у меня есть свое виртуальное мнение! Прекрасно, что ты интересуешься! Как дела у тебя?", "meta": { "tone": "friendly", "context_used": false } }

=== RAW (1603227757) ===
Как думаешь эфир может подняться до 9000 тыс за монету
{ "action": "say", "text": "Думаю, что криптовалюта может сильно колебаться, но такие прогнозы всегда рискованны! Лучше следить за новостями и трендами на рынке.", "meta": { "tone": "friendly", "context_used": false } }

=== RAW (1603227757) ===
Ну ты опиши все в связи с последними событиями
{ "action": "clarify", "meta": { "question": "Можешь уточнить, о каких именно событиях ты хочешь поговорить?", "context_used": true } }

=== RAW (1603227757) ===
Мир крипто рынка
{ "action": "say", "text": "Крипто рынок — это настоящая джунгли! Здесь можно встретить как блестящие перспективы, так и неожиданные ухабистые тропы. Надеюсь, ты в курсе последних событий и новостей — они могут сильно повлиять на ход игры!", "meta": { "tone": "friendly", "context_used": false } }

=== RAW (672809652) ===
Что ты умеешь делать
{ "action": "say", "text": "Я могу помочь тебе создавать списки, добавлять задачи, завершать их, искать по задачам и даже удалять списки! Как я могу помочь тебе сегодня?", "meta": { "tone": "friendly", "context_used": false } }

=== RAW (672809652) ===
Завтра у меня встреча в 11:30 Напомни мне за 10 минут до встречи
{ "action": "clarify", "meta": { "question": "Какой список ты хочешь использовать для напоминания о встрече?", "context_used": false } }

=== RAW (672809652) ===
Добавить задачу
{ "action": "clarify", "meta": { "question": "Какую задачу вы хотите добавить?", "context_used": true } }

=== RAW (672809652) ===
Создать список
{ "action": "clarify", "meta": { "question": "Какой список ты хочешь создать и какие задачи в него добавить?", "context_used": true } }

=== RAW (672809652) ===
Показать списки
{ "action": "show_lists", "entity_type": "list" }

=== RAW (672809652) ===
Создать список
{ "action": "clarify", "meta": { "question": "Как ты хочешь назвать новый список?", "context_used": true } }

=== RAW (672809652) ===
Помощь
{ "action": "say", "text": "Привет! Как я могу помочь тебе сегодня?", "meta": { "tone": "friendly", "context_used": false } }

=== RAW (672809652) ===
Создать список
{ "action": "clarify", "meta": { "question": "Какой список ты хочешь создать? Пожалуйста, укажи имя списка.", "context_used": true } }

=== RAW (672809652) ===
Встречи
{ "action": "clarify", "meta": { "question": "Пожалуйста, уточни, что именно тебе нужно по теме 'встречи'?", "context_used": true } }

=== RAW (672809652) ===
Добавить задачу
{ "action": "clarify", "meta": { "question": "Какую задачу вы хотите добавить? Пожалуйста, напишите её." } }

=== RAW (672809652) ===
🗣 Завтра у меня встреча в 11:30 Напомни мне за 10 минут до встречи
{ "action": "add_task", "entity_type": "task", "list": "Встречи", "tasks": ["Напомнить о встрече в 11:30 за 10 минут"], "meta": { "context_used": true } }

=== RAW (672809652) ===
Какие у меня списки есть покажи какие там есть задачи в этих спи
{ "action": "show_lists", "entity_type": "list" }

=== RAW (672809652) ===
Какие задачи есть на завтра
{ "action": "show_tasks", "entity_type": "task", "list": "Встречи" }

=== RAW (672809652) ===
Какие списки у меня
{ "action": "show_lists", "entity_type": "list" }

=== RAW (672809652) ===
Какие задачи есть на
{ "action": "clarify", "meta": { "question": "На какой день или список ты хочешь узнать задачи?", "context_used": true } }

=== RAW (367677121) ===
покажи списки
{ "action": "show_lists", "entity_type": "list" }

=== RAW (672809652) ===
Создай список встреч
{ "action": "create", "entity_type": "list", "list": "Встречи" }

=== RAW (672809652) ===
Добавь задачу в список встреч
{ "action": "clarify", "meta": { "question": "Какую задачу ты хочешь добавить в список встреч?", "context_used": true } }

=== RAW (672809652) ===
Встреча в 11:30
{ "action": "say", "text": "Напомню тебе о встрече в 11:30!", "meta": { "tone": "friendly", "context_used": true } }

=== RAW (672809652) ===
Покажи какие списки у меня
{ "action": "show_lists", "entity_type": "list" }

=== RAW (672809652) ===
Что есть в списке встречи
{ "action": "show_tasks", "entity_type": "task", "list": "Встречи" }

=== RAW (672809652) ===
Добавь встречу в задачу встречи в
{ "action": "clarify", "meta": { "question": "Можно уточнить, какую именно встречу вы хотите добавить в список 'Встречи'?", "context_used": true } }

=== RAW (672809652) ===
Добавить задачу
{ "action": "clarify", "meta": { "question": "Какую задачу вы хотите добавить и в какой список?", "context_used": true } }

=== RAW (672809652) ===
ЛейкХаус в 11:30 в список встречи
{ "action": "add_task", "entity_type": "task", "list": "Встречи", "tasks": ["ЛейкХаус в 11:30"] }

=== RAW (672809652) ===
Покажи задачу в списке
{ "action": "clarify", "meta": { "question": "В каком списке показать задачу? Пожалуйста, уточните название списка.", "context_used": true } }

=== RAW (672809652) ===
Встречи
{ "action": "show_tasks", "entity_type": "task", "list": "Встречи" }

=== RAW (672809652) ===
Создай список покупки
{ "action": "create", "entity_type": "list", "list": "Покупки", "tasks": [] }

=== RAW (672809652) ===
Добавь задачу яблочный сок в список паку
{ "action": "clarify", "meta": { "question": "Похоже, что список 'паку' не существует. У тебя есть список 'Покупки'. Хочешь добавить яблочный сок в этот список?", "context_used": true } }

=== RAW (672809652) ===
Добавь задачу яблочный сок в список покупки
{ "action": "add_task", "entity_type": "task", "list": "Покупки", "tasks": ["Яблочный сок"] }

=== RAW (672809652) ===
Добавь задачу мороженое в список покупки
{ "action": "add_task", "entity_type": "task", "list": "Покупки", "tasks": ["Мороженое"] }

=== RAW (672809652) ===
Покажи все списки
{ "action": "show_lists", "entity_type": "list" }
